PRT1
299
821
4 0 4 (3584 3072 1024 ) (3584 3072 4096 ) (3072 3072 4096 ) (3072 3072 1024 ) 
4 0 2 (3072 3072 1024 ) (3072 3072 4096 ) (3072 3584 4096 ) (3072 3584 1024 ) 
4 2 13 (2048 3072 1024 ) (2048 3072 4096 ) (2048 3584 4096 ) (2048 3584 1024 ) 
4 2 5 (3072 3072 1024 ) (3072 3072 4096 ) (2048 3072 4096 ) (2048 3072 1024 ) 
4 3 63 (4608 1024 -5120 ) (4608 1024 1024 ) (4096 1024 1024 ) (4096 1024 -5120 ) 
4 3 6 (4096 1024 -5120 ) (4096 1024 1024 ) (4096 2048 1024 ) (4096 2048 -5120 ) 
4 4 7 (3584 2048 1024 ) (3584 2048 4096 ) (3072 2048 4096 ) (3072 2048 1024 ) 
4 4 5 (3072 3072 4096 ) (3072 3072 1024 ) (3072 2048 1024 ) (3072 2048 4096 ) 
4 5 17 (2048 2048 1024 ) (2048 2048 4096 ) (2048 3072 4096 ) (2048 3072 1024 ) 
4 5 8 (3072 2048 1024 ) (3072 2048 4096 ) (2048 2048 4096 ) (2048 2048 1024 ) 
4 6 67 (4096 1024 -5120 ) (4096 1024 1024 ) (3584 1024 1024 ) (3584 1024 -5120 ) 
4 6 7 (3584 2048 1024 ) (3584 2048 -5120 ) (3584 1024 -5120 ) (3584 1024 1024 ) 
4 7 67 (3072 1024 1024 ) (3072 1024 -5120 ) (3584 1024 -5120 ) (3584 1024 1024 ) 
4 7 66 (3072 1024 4096 ) (3072 1024 1024 ) (3584 1024 1024 ) (3584 1024 4096 ) 
4 7 12 (3072 1152 -5120 ) (3072 1024 -5120 ) (3072 1024 -512 ) (3072 1152 -512 ) 
4 7 10 (3072 1024 -512 ) (3072 1024 4096 ) (3072 1152 4096 ) (3072 1152 -512 ) 
4 7 9 (3072 2048 512 ) (3072 2048 -5120 ) (3072 1152 -5120 ) (3072 1152 512 ) 
4 7 8 (3072 2048 4096 ) (3072 2048 512 ) (3072 1152 512 ) (3072 1152 4096 ) 
4 8 22 (2048 1152 512 ) (2048 1152 4096 ) (2048 2048 4096 ) (2048 2048 512 ) 
4 8 11 (2176 1152 4096 ) (2048 1152 4096 ) (2048 1152 512 ) (2176 1152 512 ) 
4 8 10 (3072 1152 512 ) (3072 1152 4096 ) (2176 1152 4096 ) (2176 1152 512 ) 
4 8 9 (3072 1152 512 ) (2176 1152 512 ) (2176 2048 512 ) (3072 2048 512 ) 
4 9 12 (3072 1152 -5120 ) (3072 1152 -512 ) (2176 1152 -512 ) (2176 1152 -5120 ) 
4 9 10 (3072 1152 -512 ) (3072 1152 512 ) (2176 1152 512 ) (2176 1152 -512 ) 
4 10 73 (2176 1024 -384 ) (2176 1024 -512 ) (2184 1024 -512 ) (2184 1024 -384 ) 
4 10 70 (2176 1024 512 ) (2176 1024 -384 ) (2184 1024 -384 ) (2184 1024 512 ) 
4 10 69 (2184 1024 4096 ) (2176 1024 4096 ) (2176 1024 512 ) (2184 1024 512 ) 
4 10 68 (3072 1024 -512 ) (3072 1024 4096 ) (2184 1024 4096 ) (2184 1024 -512 ) 
4 10 12 (3072 1024 -512 ) (2176 1024 -512 ) (2176 1152 -512 ) (3072 1152 -512 ) 
4 10 11 (2176 1024 512 ) (2176 1024 4096 ) (2176 1152 4096 ) (2176 1152 512 ) 
4 11 74 (2176 1024 4096 ) (2048 1024 4096 ) (2048 1024 512 ) (2176 1024 512 ) 
4 11 22 (2048 1024 512 ) (2048 1024 4096 ) (2048 1152 4096 ) (2048 1152 512 ) 
4 12 80 (2176 1024 -512 ) (2048 1024 -512 ) (2048 1024 -5120 ) (2176 1024 -5120 ) 
4 12 73 (2184 1024 -512 ) (2176 1024 -512 ) (2176 1024 -5120 ) (2184 1024 -5120 ) 
4 12 68 (3072 1024 -5120 ) (3072 1024 -512 ) (2184 1024 -512 ) (2184 1024 -5120 ) 
4 12 27 (2048 1024 -5120 ) (2048 1024 -512 ) (2048 1152 -512 ) (2048 1152 -5120 ) 
4 13 17 (2048 3072 512 ) (2048 3072 4096 ) (1024 3072 4096 ) (1024 3072 512 ) 
4 13 15 (1024 3072 512 ) (1024 3072 4096 ) (1024 3584 4096 ) (1024 3584 512 ) 
4 14 53 (0 3584 -5120 ) (0 3584 512 ) (0 4096 512 ) (0 4096 -5120 ) 
4 14 16 (768 3584 -5120 ) (768 3584 512 ) (0 3584 512 ) (0 3584 -5120 ) 
4 15 19 (1024 3072 512 ) (1024 3072 4096 ) (768 3072 4096 ) (768 3072 512 ) 
4 16 53 (0 3072 -5120 ) (0 3072 512 ) (0 3584 512 ) (0 3584 -5120 ) 
4 16 21 (768 3072 512 ) (0 3072 512 ) (0 3072 -5120 ) (768 3072 -5120 ) 
4 17 22 (2048 2048 512 ) (2048 2048 4096 ) (1024 2048 4096 ) (1024 2048 512 ) 
4 17 19 (1024 2048 512 ) (1024 2048 4096 ) (1024 3072 4096 ) (1024 3072 512 ) 
4 17 18 (1024 2048 512 ) (1024 2560 512 ) (2048 2560 512 ) (2048 2048 512 ) 
4 18 26 (2048 2048 -5120 ) (2048 2048 -512 ) (1024 2048 -512 ) (1024 2048 -5120 ) 
4 18 25 (2048 2048 -512 ) (2048 2048 0 ) (1024 2048 0 ) (1024 2048 -512 ) 
4 18 23 (2048 2048 0 ) (2048 2048 512 ) (1536 2048 512 ) (1536 2048 0 ) 
4 18 24 (1536 2048 512 ) (1024 2048 512 ) (1024 2048 0 ) (1536 2048 0 ) 
4 18 20 (1024 2048 -5120 ) (1024 2048 512 ) (1024 2560 512 ) (1024 2560 -5120 ) 
4 19 30 (896 2048 4096 ) (768 2048 4096 ) (768 2048 512 ) (896 2048 512 ) 
4 19 28 (1024 2048 512 ) (1024 2048 4096 ) (896 2048 4096 ) (896 2048 512 ) 
4 19 20 (1024 2048 512 ) (768 2048 512 ) (768 2560 512 ) (1024 2560 512 ) 
4 19 21 (768 2048 512 ) (768 2048 4096 ) (768 3072 4096 ) (768 3072 512 ) 
4 20 47 (768 2048 -5120 ) (896 2048 -5120 ) (896 2048 -512 ) (768 2048 -512 ) 
4 20 46 (896 2048 -512 ) (896 2048 -384 ) (768 2048 -384 ) (768 2048 -512 ) 
4 20 45 (896 2048 -5120 ) (1024 2048 -5120 ) (1024 2048 -384 ) (896 2048 -384 ) 
4 20 32 (768 2048 0 ) (768 2048 -384 ) (896 2048 -384 ) (896 2048 0 ) 
4 20 30 (896 2048 512 ) (768 2048 512 ) (768 2048 0 ) (896 2048 0 ) 
4 20 29 (1024 2048 -384 ) (1024 2048 0 ) (896 2048 0 ) (896 2048 -384 ) 
4 20 28 (1024 2048 0 ) (1024 2048 512 ) (896 2048 512 ) (896 2048 0 ) 
4 20 21 (768 2560 -5120 ) (768 2048 -5120 ) (768 2048 512 ) (768 2560 512 ) 
4 21 55 (0 2048 -5120 ) (0 2048 256 ) (0 3072 256 ) (0 3072 -5120 ) 
4 21 54 (0 2048 256 ) (0 2048 4096 ) (0 3072 4096 ) (0 3072 256 ) 
4 21 50 (0 2048 -416 ) (0 2048 -5120 ) (640 2048 -5120 ) (640 2048 -416 ) 
4 21 49 (0 2048 -384 ) (0 2048 -416 ) (640 2048 -416 ) (640 2048 -384 ) 
4 21 48 (0 2048 4096 ) (0 2048 -384 ) (640 2048 -384 ) (640 2048 4096 ) 
4 21 47 (640 2048 -5120 ) (768 2048 -5120 ) (768 2048 -512 ) (640 2048 -512 ) 
4 21 46 (768 2048 -512 ) (768 2048 -384 ) (640 2048 -384 ) (640 2048 -512 ) 
4 21 38 (768 2048 -384 ) (768 2048 -192 ) (640 2048 -192 ) (640 2048 -384 ) 
4 21 36 (768 2048 -192 ) (768 2048 0 ) (640 2048 0 ) (640 2048 -192 ) 
4 21 34 (768 2048 0 ) (768 2048 4096 ) (640 2048 4096 ) (640 2048 0 ) 
4 22 120 (1792 1024 4096 ) (1024 1024 4096 ) (1024 1024 512 ) (1792 1024 512 ) 
4 22 114 (2048 1024 512 ) (2048 1024 4096 ) (1792 1024 4096 ) (1792 1024 512 ) 
4 22 28 (1024 2048 4096 ) (1024 2048 512 ) (1024 1024 512 ) (1024 1024 4096 ) 
4 22 23 (1536 1408 512 ) (1536 2048 512 ) (2048 2048 512 ) (2048 1408 512 ) 
4 22 24 (1536 1024 512 ) (1024 1024 512 ) (1024 2048 512 ) (1536 2048 512 ) 
4 23 25 (1536 2048 0 ) (2048 2048 0 ) (2048 1408 0 ) (1536 1408 0 ) 
4 23 24 (1536 2048 0 ) (1536 1408 0 ) (1536 1408 512 ) (1536 2048 512 ) 
4 24 123 (1408 1024 512 ) (1024 1024 512 ) (1024 1024 0 ) (1408 1024 0 ) 
4 24 121 (1536 1024 512 ) (1408 1024 512 ) (1408 1024 0 ) (1536 1024 0 ) 
4 24 28 (1024 2048 512 ) (1024 2048 0 ) (1024 1024 0 ) (1024 1024 512 ) 
4 24 25 (1024 1408 0 ) (1024 2048 0 ) (1536 2048 0 ) (1536 1408 0 ) 
4 25 45 (1024 2048 -384 ) (1024 2048 -512 ) (1024 1408 -512 ) (1024 1408 -384 ) 
4 25 29 (1024 2048 0 ) (1024 2048 -384 ) (1024 1408 -384 ) (1024 1408 0 ) 
4 25 26 (1024 1408 -512 ) (1024 2048 -512 ) (2048 2048 -512 ) (2048 1408 -512 ) 
4 26 45 (1024 2048 -512 ) (1024 2048 -5120 ) (1024 1408 -5120 ) (1024 1408 -512 ) 
4 27 146 (2048 1024 -5120 ) (2048 1024 -512 ) (1152 1024 -512 ) (1152 1024 -5120 ) 
4 28 169 (1024 1024 0 ) (1024 1024 8 ) (896 1024 8 ) (896 1024 0 ) 
4 28 168 (1024 1024 8 ) (1024 1024 4096 ) (896 1024 4096 ) (896 1024 8 ) 
4 28 31 (896 1024 8 ) (896 1024 4096 ) (896 1152 4096 ) (896 1152 8 ) 
4 28 30 (896 2048 4096 ) (896 2048 0 ) (896 1152 0 ) (896 1152 4096 ) 
4 28 29 (896 1408 0 ) (896 2048 0 ) (1024 2048 0 ) (1024 1408 0 ) 
4 29 45 (896 1408 -384 ) (896 2048 -384 ) (1024 2048 -384 ) (1024 1408 -384 ) 
4 29 32 (896 2048 0 ) (896 2048 -384 ) (896 1408 -384 ) (896 1408 0 ) 
4 30 34 (768 1152 4096 ) (768 2048 4096 ) (768 2048 0 ) (768 1152 0 ) 
4 30 32 (768 1408 0 ) (768 2048 0 ) (896 2048 0 ) (896 1408 0 ) 
4 30 31 (896 1152 8 ) (896 1152 4096 ) (768 1152 4096 ) (768 1152 8 ) 
4 31 168 (768 1024 4096 ) (768 1024 8 ) (896 1024 8 ) (896 1024 4096 ) 
4 31 35 (768 1024 8 ) (768 1024 4096 ) (768 1152 4096 ) (768 1152 8 ) 
4 32 46 (768 1408 -384 ) (768 2048 -384 ) (896 2048 -384 ) (896 1408 -384 ) 
4 32 38 (768 2048 -384 ) (768 1416 -384 ) (768 1416 -192 ) (768 2048 -192 ) 
4 32 36 (768 1408 -192 ) (768 1408 0 ) (768 2048 0 ) (768 2048 -192 ) 
4 33 176 (768 1024 -128 ) (768 1024 -384 ) (896 1024 -384 ) (896 1024 -128 ) 
4 33 173 (768 1024 0 ) (768 1024 -128 ) (896 1024 -128 ) (896 1024 0 ) 
4 33 44 (768 1152 -384 ) (768 1024 -384 ) (768 1024 -256 ) (768 1152 -256 ) 
4 33 40 (768 1024 -256 ) (768 1024 -192 ) (768 1152 -192 ) (768 1152 -256 ) 
4 33 37 (768 1024 -192 ) (768 1024 0 ) (768 1152 0 ) (768 1152 -192 ) 
4 34 48 (640 1152 4096 ) (640 2048 4096 ) (640 2048 0 ) (640 1152 0 ) 
4 34 36 (640 1408 0 ) (640 2048 0 ) (768 2048 0 ) (768 1408 0 ) 
4 34 35 (768 1152 8 ) (768 1152 4096 ) (640 1152 4096 ) (640 1152 8 ) 
4 35 183 (640 1024 4096 ) (640 1024 8 ) (768 1024 8 ) (768 1024 4096 ) 
4 35 48 (640 1024 8 ) (640 1024 4096 ) (640 1152 4096 ) (640 1152 8 ) 
4 36 48 (640 1408 0 ) (640 2048 0 ) (640 2048 -192 ) (640 1408 -192 ) 
4 36 38 (640 1416 -192 ) (640 2048 -192 ) (768 2048 -192 ) (768 1416 -192 ) 
4 37 185 (640 1024 0 ) (640 1024 -192 ) (768 1024 -192 ) (768 1024 0 ) 
4 37 48 (640 1024 -192 ) (640 1024 0 ) (640 1152 0 ) (640 1152 -192 ) 
4 37 40 (640 1024 -192 ) (640 1152 -192 ) (768 1152 -192 ) (768 1024 -192 ) 
4 38 48 (640 1416 -192 ) (640 2048 -192 ) (640 2048 -384 ) (640 1416 -384 ) 
4 38 46 (640 1416 -384 ) (640 2048 -384 ) (768 2048 -384 ) (768 1416 -384 ) 
4 39 48 (640 1280 -192 ) (640 1408 -192 ) (640 1408 -384 ) (640 1280 -384 ) 
4 40 185 (640 1024 -192 ) (640 1024 -256 ) (768 1024 -256 ) (768 1024 -192 ) 
4 40 48 (640 1024 -256 ) (640 1024 -192 ) (640 1152 -192 ) (640 1152 -256 ) 
4 40 44 (640 1024 -256 ) (640 1152 -256 ) (768 1152 -256 ) (768 1024 -256 ) 
4 41 42 (648 1216 -384 ) (648 1154 -384 ) (648 1154 -256 ) (648 1216 -256 ) 
4 42 48 (640 1154 -256 ) (640 1216 -256 ) (640 1216 -384 ) (640 1154 -384 ) 
4 42 43 (640 1154 -384 ) (642 1154 -384 ) (642 1154 -256 ) (640 1154 -256 ) 
4 43 48 (640 1152 -256 ) (640 1154 -256 ) (640 1154 -384 ) (640 1152 -384 ) 
4 44 185 (640 1024 -256 ) (640 1024 -384 ) (768 1024 -384 ) (768 1024 -256 ) 
4 44 48 (640 1024 -384 ) (640 1024 -256 ) (640 1152 -256 ) (640 1152 -384 ) 
4 45 47 (896 1408 -5120 ) (896 1408 -512 ) (896 2048 -512 ) (896 2048 -5120 ) 
4 45 46 (896 1408 -512 ) (896 1408 -384 ) (896 2048 -384 ) (896 2048 -512 ) 
4 46 50 (640 2048 -416 ) (640 2048 -512 ) (640 1408 -512 ) (640 1408 -416 ) 
4 46 49 (640 1408 -384 ) (640 2048 -384 ) (640 2048 -416 ) (640 1408 -416 ) 
4 46 47 (640 1408 -512 ) (640 2048 -512 ) (896 2048 -512 ) (896 1408 -512 ) 
4 47 191 (896 1024 -5120 ) (896 1024 -512 ) (640 1024 -512 ) (640 1024 -5120 ) 
4 47 51 (640 1216 -512 ) (640 1248 -512 ) (640 1248 -5120 ) (640 1216 -5120 ) 
4 47 50 (640 1248 -512 ) (640 2048 -512 ) (640 2048 -5120 ) (640 1248 -5120 ) 
4 47 52 (640 1024 -5120 ) (640 1024 -512 ) (640 1216 -512 ) (640 1216 -5120 ) 
4 48 194 (640 1024 -384 ) (640 1024 256 ) (0 1024 256 ) (0 1024 -384 ) 
4 48 193 (640 1024 256 ) (640 1024 512 ) (0 1024 512 ) (0 1024 256 ) 
4 48 192 (640 1024 512 ) (640 1024 4096 ) (0 1024 4096 ) (0 1024 512 ) 
4 48 56 (0 1024 -384 ) (0 1024 4096 ) (0 2048 4096 ) (0 2048 -384 ) 
4 48 49 (0 2048 -384 ) (640 2048 -384 ) (640 1408 -384 ) (0 1408 -384 ) 
4 48 52 (640 1216 -384 ) (640 1024 -384 ) (0 1024 -384 ) (0 1216 -384 ) 
4 49 56 (0 1408 -384 ) (0 2048 -384 ) (0 2048 -416 ) (0 1408 -416 ) 
4 49 50 (0 1408 -416 ) (0 2048 -416 ) (640 2048 -416 ) (640 1408 -416 ) 
4 50 56 (0 2048 -416 ) (0 2048 -5120 ) (0 1248 -5120 ) (0 1248 -416 ) 
4 50 51 (0 1248 -5120 ) (640 1248 -5120 ) (640 1248 -512 ) (0 1248 -512 ) 
4 51 56 (0 1248 -5120 ) (0 1216 -5120 ) (0 1216 -512 ) (0 1248 -512 ) 
4 51 52 (0 1216 -5120 ) (640 1216 -5120 ) (640 1216 -512 ) (0 1216 -512 ) 
4 52 194 (640 1024 -5120 ) (640 1024 -384 ) (0 1024 -384 ) (0 1024 -5120 ) 
4 52 56 (0 1024 -5120 ) (0 1024 -384 ) (0 1216 -384 ) (0 1216 -5120 ) 
4 53 55 (0 3072 -5120 ) (0 3072 256 ) (-256 3072 256 ) (-256 3072 -5120 ) 
4 53 54 (0 3072 256 ) (0 3072 512 ) (-768 3072 512 ) (-768 3072 256 ) 
4 54 57 (-1024 3072 4096 ) (-1024 3072 256 ) (-1024 2048 256 ) (-1024 2048 4096 ) 
4 54 56 (0 2048 256 ) (0 2048 4096 ) (-1024 2048 4096 ) (-1024 2048 256 ) 
4 54 55 (0 2048 256 ) (-256 2048 256 ) (-256 3072 256 ) (0 3072 256 ) 
4 55 56 (0 2048 -5120 ) (0 2048 256 ) (-256 2048 256 ) (-256 2048 -5120 ) 
4 56 287 (-1024 1024 256 ) (-1024 1024 -5120 ) (-768 1024 -5120 ) (-768 1024 256 ) 
4 56 286 (-768 1024 4096 ) (-1024 1024 4096 ) (-1024 1024 256 ) (-768 1024 256 ) 
4 56 285 (0 1024 -5120 ) (0 1024 -1280 ) (-768 1024 -1280 ) (-768 1024 -5120 ) 
4 56 284 (0 1024 -1280 ) (0 1024 -384 ) (-768 1024 -384 ) (-768 1024 -1280 ) 
4 56 283 (-32 1024 256 ) (-768 1024 256 ) (-768 1024 -384 ) (-32 1024 -384 ) 
4 56 281 (0 1024 -384 ) (0 1024 256 ) (-32 1024 256 ) (-32 1024 -384 ) 
4 56 280 (0 1024 256 ) (0 1024 4096 ) (-768 1024 4096 ) (-768 1024 256 ) 
4 56 59 (-1024 1024 -5120 ) (-1024 1024 256 ) (-1024 2048 256 ) (-1024 2048 -5120 ) 
4 56 58 (-1024 1024 256 ) (-1024 1024 4096 ) (-1024 2048 4096 ) (-1024 2048 256 ) 
4 57 58 (-1024 2048 256 ) (-1024 2048 4096 ) (-1792 2048 4096 ) (-1792 2048 256 ) 
4 58 289 (-1024 1024 256 ) (-1024 1024 4096 ) (-1792 1024 4096 ) (-1792 1024 256 ) 
4 58 60 (-1792 1024 256 ) (-1792 1280 256 ) (-1280 1280 256 ) (-1280 1024 256 ) 
4 58 59 (-1280 2048 256 ) (-1024 2048 256 ) (-1024 1024 256 ) (-1280 1024 256 ) 
4 59 290 (-1024 1024 -5120 ) (-1024 1024 256 ) (-1280 1024 256 ) (-1280 1024 -5120 ) 
4 59 60 (-1280 1280 -5120 ) (-1280 1024 -5120 ) (-1280 1024 256 ) (-1280 1280 256 ) 
4 60 290 (-1280 1024 256 ) (-1792 1024 256 ) (-1792 1024 -5120 ) (-1280 1024 -5120 ) 
4 61 64 (5120 0 -5120 ) (5120 0 1024 ) (5120 768 1024 ) (5120 768 -5120 ) 
4 61 62 (5632 0 -5120 ) (5632 0 1024 ) (5120 0 1024 ) (5120 0 -5120 ) 
4 62 65 (5120 0 1024 ) (5120 0 -5120 ) (5120 -512 -5120 ) (5120 -512 1024 ) 
4 63 67 (4096 768 -5120 ) (4096 768 1024 ) (4096 1024 1024 ) (4096 1024 -5120 ) 
4 63 64 (4096 768 1024 ) (4096 768 -5120 ) (4608 768 -5120 ) (4608 768 1024 ) 
4 64 67 (4096 0 -5120 ) (4096 0 1024 ) (4096 768 1024 ) (4096 768 -5120 ) 
4 64 65 (5120 0 -5120 ) (5120 0 1024 ) (4864 0 1024 ) (4864 0 -5120 ) 
4 66 84 (3072 0 4096 ) (3072 0 1024 ) (3584 0 1024 ) (3584 0 4096 ) 
4 66 68 (3072 0 1024 ) (3072 0 4096 ) (3072 1024 4096 ) (3072 1024 1024 ) 
4 66 67 (3584 0 1024 ) (3072 0 1024 ) (3072 1024 1024 ) (3584 1024 1024 ) 
4 67 84 (3840 0 1024 ) (3072 0 1024 ) (3072 0 -5120 ) (3840 0 -5120 ) 
4 67 68 (3072 0 -5120 ) (3072 0 1024 ) (3072 1024 1024 ) (3072 1024 -5120 ) 
4 68 85 (3072 0 -5120 ) (3072 0 4096 ) (2184 0 4096 ) (2184 0 -5120 ) 
4 68 73 (2184 0 -5120 ) (2184 0 -384 ) (2184 1024 -384 ) (2184 1024 -5120 ) 
4 68 72 (2184 0 -384 ) (2184 0 0 ) (2184 256 0 ) (2184 256 -384 ) 
4 68 71 (2184 0 128 ) (2184 0 4096 ) (2184 640 4096 ) (2184 640 128 ) 
4 68 70 (2184 1024 512 ) (2184 1024 -384 ) (2184 832 -384 ) (2184 832 512 ) 
4 68 69 (2184 640 4096 ) (2184 1024 4096 ) (2184 1024 512 ) (2184 640 512 ) 
4 69 74 (2176 1024 4096 ) (2176 1024 512 ) (2176 640 512 ) (2176 640 4096 ) 
4 69 71 (2176 640 4096 ) (2176 640 512 ) (2184 640 512 ) (2184 640 4096 ) 
4 69 70 (2176 832 512 ) (2176 1024 512 ) (2184 1024 512 ) (2184 832 512 ) 
4 70 73 (2176 832 -384 ) (2176 1024 -384 ) (2184 1024 -384 ) (2184 832 -384 ) 
4 71 87 (2184 0 384 ) (2184 0 512 ) (2176 0 512 ) (2176 0 384 ) 
4 71 86 (2184 0 512 ) (2184 0 4096 ) (2176 0 4096 ) (2176 0 512 ) 
4 71 79 (2176 0 128 ) (2176 0 4096 ) (2176 640 4096 ) (2176 640 128 ) 
4 72 88 (2184 0 -384 ) (2184 0 0 ) (2176 0 0 ) (2176 0 -384 ) 
4 72 83 (2176 256 -384 ) (2176 0 -384 ) (2176 0 0 ) (2176 256 0 ) 
4 72 73 (2176 0 -384 ) (2176 256 -384 ) (2184 256 -384 ) (2184 0 -384 ) 
4 73 89 (2184 0 -5120 ) (2184 0 -512 ) (2176 0 -512 ) (2176 0 -5120 ) 
4 73 82 (2176 832 -5120 ) (2176 256 -5120 ) (2176 256 -512 ) (2176 832 -512 ) 
4 73 83 (2176 256 -5120 ) (2176 0 -5120 ) (2176 0 -384 ) (2176 256 -384 ) 
4 73 80 (2176 1024 -512 ) (2176 1024 -5120 ) (2176 832 -5120 ) (2176 832 -512 ) 
4 74 116 (2048 702 512 ) (2048 640 512 ) (2048 640 4096 ) (2048 702 4096 ) 
4 74 114 (2048 1024 4096 ) (2048 1024 512 ) (2048 832 512 ) (2048 832 4096 ) 
4 74 115 (2048 832 512 ) (2048 702 512 ) (2048 702 4096 ) (2048 832 4096 ) 
4 74 79 (2048 640 4096 ) (2048 640 512 ) (2176 640 512 ) (2176 640 4096 ) 
4 74 76 (2176 640 512 ) (2048 640 512 ) (2048 702 512 ) (2176 702 512 ) 
4 74 75 (2048 702 512 ) (2048 832 512 ) (2176 832 512 ) (2176 702 512 ) 
4 75 115 (2048 832 0 ) (2048 702 0 ) (2048 702 512 ) (2048 832 512 ) 
4 75 81 (2048 702 0 ) (2048 832 0 ) (2176 832 0 ) (2176 702 0 ) 
4 75 77 (2176 702 122 ) (2176 702 124 ) (2048 702 124 ) (2048 702 122 ) 
4 75 76 (2176 702 124 ) (2176 702 512 ) (2048 702 512 ) (2048 702 124 ) 
4 75 78 (2048 702 0 ) (2176 702 0 ) (2176 702 122 ) (2048 702 122 ) 
4 76 116 (2048 640 124 ) (2048 640 512 ) (2048 702 512 ) (2048 702 124 ) 
4 76 79 (2048 640 512 ) (2048 640 128 ) (2176 640 128 ) (2176 640 512 ) 
4 76 77 (2176 640 124 ) (2048 640 124 ) (2048 702 124 ) (2176 702 124 ) 
4 77 117 (2048 640 122 ) (2048 640 124 ) (2048 702 124 ) (2048 702 122 ) 
4 77 78 (2176 640 122 ) (2048 640 122 ) (2048 702 122 ) (2176 702 122 ) 
4 78 118 (2048 702 0 ) (2048 640 0 ) (2048 640 122 ) (2048 702 122 ) 
4 78 81 (2048 640 0 ) (2048 702 0 ) (2176 702 0 ) (2176 640 0 ) 
4 79 134 (2048 0 128 ) (2048 0 512 ) (2048 64 512 ) (2048 64 128 ) 
4 79 130 (2048 64 512 ) (2048 512 512 ) (2048 512 128 ) (2048 64 128 ) 
4 79 129 (2048 0 512 ) (2048 0 4096 ) (2048 512 4096 ) (2048 512 512 ) 
4 79 126 (2048 640 512 ) (2048 640 128 ) (2048 512 128 ) (2048 512 512 ) 
4 79 125 (2048 512 4096 ) (2048 640 4096 ) (2048 640 512 ) (2048 512 512 ) 
4 79 90 (2048 0 4096 ) (2048 0 128 ) (2176 0 128 ) (2176 0 4096 ) 
4 80 146 (2048 1024 -512 ) (2048 1024 -5120 ) (2048 832 -5120 ) (2048 832 -512 ) 
4 80 82 (2176 832 -5120 ) (2176 832 -512 ) (2048 832 -512 ) (2048 832 -5120 ) 
4 81 147 (2048 512 0 ) (2048 704 0 ) (2048 704 -384 ) (2048 512 -384 ) 
4 81 149 (2048 256 0 ) (2048 512 0 ) (2048 512 -384 ) (2048 256 -384 ) 
4 81 145 (2048 736 -384 ) (2048 704 -384 ) (2048 704 -192 ) (2048 736 -192 ) 
4 81 143 (2048 704 -192 ) (2048 704 -128 ) (2048 736 -128 ) (2048 736 -192 ) 
4 81 142 (2048 832 -128 ) (2048 832 -384 ) (2048 736 -384 ) (2048 736 -128 ) 
4 81 141 (2048 704 0 ) (2048 832 0 ) (2048 832 -128 ) (2048 704 -128 ) 
4 81 83 (2176 256 -384 ) (2176 256 0 ) (2048 256 0 ) (2048 256 -384 ) 
4 82 150 (2048 704 -5120 ) (2048 256 -5120 ) (2048 256 -512 ) (2048 704 -512 ) 
4 82 146 (2048 832 -512 ) (2048 832 -5120 ) (2048 704 -5120 ) (2048 704 -512 ) 
4 82 83 (2048 256 -5120 ) (2176 256 -5120 ) (2176 256 -512 ) (2048 256 -512 ) 
4 83 153 (2048 0 -5120 ) (2048 0 -512 ) (2048 256 -512 ) (2048 256 -5120 ) 
4 83 151 (2048 0 -512 ) (2048 0 0 ) (2048 256 0 ) (2048 256 -512 ) 
4 83 92 (2048 0 -512 ) (2048 0 -5120 ) (2176 0 -5120 ) (2176 0 -512 ) 
4 83 90 (2048 0 0 ) (2048 0 -384 ) (2176 0 -384 ) (2176 0 0 ) 
4 84 110 (3840 -1024 -5120 ) (3840 -1024 -1792 ) (3072 -1024 -1792 ) (3072 -1024 -5120 ) 
4 84 94 (3072 -384 -5120 ) (3072 -1024 -5120 ) (3072 -1024 512 ) (3072 -384 512 ) 
4 84 93 (3072 -1024 512 ) (3072 -1024 4096 ) (3072 -384 4096 ) (3072 -384 512 ) 
4 84 85 (3072 0 4096 ) (3072 0 -5120 ) (3072 -384 -5120 ) (3072 -384 4096 ) 
4 85 94 (3072 -384 -5120 ) (3072 -384 512 ) (2184 -384 512 ) (2184 -384 -5120 ) 
4 85 93 (3072 -384 512 ) (3072 -384 4096 ) (2184 -384 4096 ) (2184 -384 512 ) 
4 85 89 (2184 -384 -5120 ) (2184 -384 -512 ) (2184 0 -512 ) (2184 0 -5120 ) 
4 85 88 (2184 -384 -384 ) (2184 -384 0 ) (2184 0 0 ) (2184 0 -384 ) 
4 85 87 (2184 -128 512 ) (2184 0 512 ) (2184 0 384 ) (2184 -128 384 ) 
4 85 86 (2184 -384 512 ) (2184 -384 4096 ) (2184 0 4096 ) (2184 0 512 ) 
4 86 93 (2184 -384 512 ) (2184 -384 4096 ) (2176 -384 4096 ) (2176 -384 512 ) 
4 86 90 (2176 0 4096 ) (2176 0 512 ) (2176 -384 512 ) (2176 -384 4096 ) 
4 86 87 (2176 -128 512 ) (2176 0 512 ) (2184 0 512 ) (2184 -128 512 ) 
4 87 90 (2176 0 512 ) (2176 0 384 ) (2176 -128 384 ) (2176 -128 512 ) 
4 88 90 (2176 0 0 ) (2176 0 -384 ) (2176 -384 -384 ) (2176 -384 0 ) 
4 89 96 (2184 -384 -5120 ) (2184 -384 -512 ) (2176 -384 -512 ) (2176 -384 -5120 ) 
4 89 92 (2176 0 -512 ) (2176 0 -5120 ) (2176 -384 -5120 ) (2176 -384 -512 ) 
4 90 200 (2048 -384 -384 ) (2048 -384 4096 ) (2048 0 4096 ) (2048 0 -384 ) 
4 90 102 (2048 -384 0 ) (2048 -384 -384 ) (2112 -384 -384 ) (2112 -384 0 ) 
4 90 93 (2048 -384 4096 ) (2048 -384 512 ) (2176 -384 512 ) (2176 -384 4096 ) 
4 91 201 (2048 -384 -480 ) (2048 -384 -416 ) (2048 -32 -416 ) (2048 -32 -480 ) 
4 91 106 (2048 -384 -416 ) (2048 -384 -480 ) (2112 -384 -480 ) (2112 -384 -416 ) 
4 91 105 (2112 -384 -480 ) (2144 -384 -480 ) (2144 -384 -416 ) (2112 -384 -416 ) 
4 92 203 (2048 -384 -5120 ) (2048 -384 -512 ) (2048 0 -512 ) (2048 0 -5120 ) 
4 92 109 (2048 -384 -512 ) (2048 -384 -5120 ) (2176 -384 -5120 ) (2176 -384 -512 ) 
4 93 204 (2048 -1024 512 ) (2048 -1024 4096 ) (2048 -384 4096 ) (2048 -384 512 ) 
4 93 111 (3072 -1024 512 ) (3072 -1024 4096 ) (2048 -1024 4096 ) (2048 -1024 512 ) 
4 93 104 (2112 -1024 512 ) (2048 -1024 512 ) (2048 -576 512 ) (2112 -576 512 ) 
4 93 103 (2048 -544 512 ) (2048 -512 512 ) (2112 -512 512 ) (2112 -544 512 ) 
4 93 101 (2048 -512 512 ) (2048 -416 512 ) (2112 -416 512 ) (2112 -512 512 ) 
4 93 98 (2112 -512 512 ) (2112 -416 512 ) (2144 -416 512 ) (2144 -512 512 ) 
4 93 99 (2112 -544 512 ) (2112 -512 512 ) (2144 -512 512 ) (2144 -544 512 ) 
4 93 100 (2176 -1024 512 ) (2112 -1024 512 ) (2112 -576 512 ) (2176 -576 512 ) 
4 93 95 (2176 -448 512 ) (2176 -384 512 ) (2184 -384 512 ) (2184 -448 512 ) 
4 93 97 (2184 -1024 512 ) (2176 -1024 512 ) (2176 -448 512 ) (2184 -448 512 ) 
4 93 94 (3072 -1024 512 ) (2184 -1024 512 ) (2184 -384 512 ) (3072 -384 512 ) 
4 94 111 (3072 -1024 -5120 ) (3072 -1024 512 ) (2184 -1024 512 ) (2184 -1024 -5120 ) 
4 94 95 (2184 -448 128 ) (2184 -448 512 ) (2184 -384 512 ) (2184 -384 128 ) 
4 94 96 (2184 -384 -5120 ) (2184 -448 -5120 ) (2184 -448 -512 ) (2184 -384 -512 ) 
4 94 97 (2184 -448 -5120 ) (2184 -1024 -5120 ) (2184 -1024 512 ) (2184 -448 512 ) 
4 95 97 (2176 -448 512 ) (2176 -448 128 ) (2184 -448 128 ) (2184 -448 512 ) 
4 96 109 (2176 -384 -512 ) (2176 -384 -5120 ) (2176 -448 -5120 ) (2176 -448 -512 ) 
4 96 97 (2176 -448 -512 ) (2176 -448 -5120 ) (2184 -448 -5120 ) (2184 -448 -512 ) 
4 97 111 (2184 -1024 512 ) (2176 -1024 512 ) (2176 -1024 -5120 ) (2184 -1024 -5120 ) 
4 97 109 (2176 -448 -512 ) (2176 -448 -5120 ) (2176 -1024 -5120 ) (2176 -1024 -512 ) 
4 97 108 (2176 -576 -512 ) (2176 -1024 -512 ) (2176 -1024 -384 ) (2176 -576 -384 ) 
4 97 100 (2176 -1024 512 ) (2176 -576 512 ) (2176 -576 -384 ) (2176 -1024 -384 ) 
4 98 101 (2112 -512 32 ) (2112 -512 512 ) (2112 -416 512 ) (2112 -416 32 ) 
4 98 99 (2112 -512 512 ) (2112 -512 0 ) (2144 -512 0 ) (2144 -512 512 ) 
4 99 105 (2144 -544 -384 ) (2112 -544 -384 ) (2112 -512 -384 ) (2144 -512 -384 ) 
4 99 103 (2112 -544 0 ) (2112 -544 512 ) (2112 -512 512 ) (2112 -512 0 ) 
4 100 111 (2176 -1024 -384 ) (2176 -1024 512 ) (2112 -1024 512 ) (2112 -1024 -384 ) 
4 100 108 (2176 -576 -384 ) (2176 -1024 -384 ) (2112 -1024 -384 ) (2112 -576 -384 ) 
4 100 104 (2112 -576 -384 ) (2112 -1024 -384 ) (2112 -1024 512 ) (2112 -576 512 ) 
4 101 205 (2048 -512 512 ) (2048 -416 512 ) (2048 -416 32 ) (2048 -512 32 ) 
4 101 103 (2112 -512 32 ) (2112 -512 512 ) (2048 -512 512 ) (2048 -512 32 ) 
4 102 206 (2048 -384 0 ) (2048 -384 -384 ) (2048 -512 -384 ) (2048 -512 0 ) 
4 103 207 (2048 -544 512 ) (2048 -512 512 ) (2048 -512 0 ) (2048 -544 0 ) 
4 104 208 (2048 -1024 -384 ) (2048 -1024 512 ) (2048 -576 512 ) (2048 -576 -384 ) 
4 104 111 (2112 -1024 512 ) (2048 -1024 512 ) (2048 -1024 -384 ) (2112 -1024 -384 ) 
4 104 108 (2112 -576 -384 ) (2112 -1024 -384 ) (2048 -1024 -384 ) (2048 -576 -384 ) 
4 105 106 (2112 -384 -480 ) (2112 -512 -480 ) (2112 -512 -416 ) (2112 -384 -416 ) 
4 105 107 (2112 -512 -480 ) (2112 -544 -480 ) (2112 -544 -384 ) (2112 -512 -384 ) 
4 106 209 (2048 -384 -416 ) (2048 -384 -480 ) (2048 -512 -480 ) (2048 -512 -416 ) 
4 106 107 (2048 -512 -480 ) (2112 -512 -480 ) (2112 -512 -416 ) (2048 -512 -416 ) 
4 107 210 (2048 -544 -384 ) (2048 -512 -384 ) (2048 -512 -480 ) (2048 -544 -480 ) 
4 108 212 (2048 -1024 -512 ) (2048 -1024 -384 ) (2048 -576 -384 ) (2048 -576 -512 ) 
4 108 111 (2176 -1024 -512 ) (2176 -1024 -384 ) (2048 -1024 -384 ) (2048 -1024 -512 ) 
4 108 109 (2048 -1024 -512 ) (2048 -576 -512 ) (2176 -576 -512 ) (2176 -1024 -512 ) 
4 109 211 (2048 -576 -512 ) (2048 -384 -512 ) (2048 -384 -5120 ) (2048 -576 -5120 ) 
4 109 212 (2048 -1024 -5120 ) (2048 -1024 -512 ) (2048 -576 -512 ) (2048 -576 -5120 ) 
4 109 111 (2176 -1024 -5120 ) (2176 -1024 -512 ) (2048 -1024 -512 ) (2048 -1024 -5120 ) 
4 110 112 (3840 -2048 -1792 ) (3072 -2048 -1792 ) (3072 -2048 -5120 ) (3840 -2048 -5120 ) 
4 110 111 (3072 -2048 -5120 ) (3072 -2048 -1792 ) (3072 -1024 -1792 ) (3072 -1024 -5120 ) 
4 111 292 (2048 -2048 -5120 ) (2048 -2048 4096 ) (2048 -1024 4096 ) (2048 -1024 -5120 ) 
4 111 113 (2304 -2048 4096 ) (2048 -2048 4096 ) (2048 -2048 -512 ) (2304 -2048 -512 ) 
4 113 295 (2048 -2560 -512 ) (2048 -2560 4096 ) (2048 -2048 4096 ) (2048 -2048 -512 ) 
4 114 120 (1792 1024 4096 ) (1792 1024 512 ) (1792 832 512 ) (1792 832 4096 ) 
4 114 115 (2048 832 4096 ) (1792 832 4096 ) (1792 832 512 ) (2048 832 512 ) 
4 115 147 (2048 704 0 ) (2048 702 0 ) (1792 702 0 ) (1792 704 0 ) 
4 115 141 (2048 832 0 ) (2048 704 0 ) (1792 704 0 ) (1792 832 0 ) 
4 115 120 (1792 702 512 ) (1792 702 4096 ) (1792 832 4096 ) (1792 832 512 ) 
4 115 117 (1794 702 124 ) (1794 702 122 ) (2048 702 122 ) (2048 702 124 ) 
4 115 116 (2048 702 4096 ) (1794 702 4096 ) (1794 702 124 ) (2048 702 124 ) 
4 115 118 (1794 702 122 ) (1794 702 0 ) (2048 702 0 ) (2048 702 122 ) 
4 115 119 (1794 702 4096 ) (1792 702 4096 ) (1792 702 0 ) (1794 702 0 ) 
4 116 126 (2048 640 128 ) (2048 640 512 ) (1794 640 512 ) (1794 640 128 ) 
4 116 125 (2048 640 512 ) (2048 640 4096 ) (1794 640 4096 ) (1794 640 512 ) 
4 116 119 (1794 702 4096 ) (1794 702 124 ) (1794 640 124 ) (1794 640 4096 ) 
4 116 117 (2048 640 124 ) (1794 640 124 ) (1794 702 124 ) (2048 702 124 ) 
4 117 118 (2048 640 122 ) (1794 640 122 ) (1794 702 122 ) (2048 702 122 ) 
4 117 119 (1794 702 124 ) (1794 702 122 ) (1794 640 122 ) (1794 640 124 ) 
4 118 147 (2048 702 0 ) (2048 640 0 ) (1794 640 0 ) (1794 702 0 ) 
4 118 119 (1794 702 122 ) (1794 702 0 ) (1794 640 0 ) (1794 640 122 ) 
4 119 147 (1794 640 0 ) (1792 640 0 ) (1792 702 0 ) (1794 702 0 ) 
4 119 126 (1794 640 128 ) (1794 640 512 ) (1792 640 512 ) (1792 640 128 ) 
4 119 125 (1794 640 512 ) (1794 640 4096 ) (1792 640 4096 ) (1792 640 512 ) 
4 119 120 (1792 640 512 ) (1792 640 4096 ) (1792 702 4096 ) (1792 702 512 ) 
4 120 168 (1024 1024 4096 ) (1024 1024 512 ) (1024 640 512 ) (1024 640 4096 ) 
4 120 125 (1792 640 512 ) (1792 640 4096 ) (1024 640 4096 ) (1024 640 512 ) 
4 120 124 (1408 648 512 ) (1408 640 512 ) (1024 640 512 ) (1024 648 512 ) 
4 120 123 (1024 1024 512 ) (1408 1024 512 ) (1408 648 512 ) (1024 648 512 ) 
4 120 121 (1408 1024 512 ) (1536 1024 512 ) (1536 648 512 ) (1408 648 512 ) 
4 121 123 (1408 1024 0 ) (1408 648 0 ) (1408 648 512 ) (1408 1024 512 ) 
4 121 122 (1408 648 128 ) (1408 648 0 ) (1536 648 0 ) (1536 648 128 ) 
4 123 169 (1024 1024 8 ) (1024 1024 0 ) (1024 648 0 ) (1024 648 8 ) 
4 123 168 (1024 1024 512 ) (1024 1024 8 ) (1024 648 8 ) (1024 648 512 ) 
4 123 124 (1408 648 128 ) (1408 648 512 ) (1024 648 512 ) (1024 648 128 ) 
4 124 168 (1024 640 128 ) (1024 640 512 ) (1024 648 512 ) (1024 648 128 ) 
4 124 127 (1408 640 128 ) (1408 640 512 ) (1024 640 512 ) (1024 640 128 ) 
4 125 171 (1024 512 512 ) (1024 512 4096 ) (1024 640 4096 ) (1024 640 512 ) 
4 125 129 (1024 512 4096 ) (1024 512 512 ) (2048 512 512 ) (2048 512 4096 ) 
4 125 126 (2048 512 512 ) (1792 512 512 ) (1792 640 512 ) (2048 640 512 ) 
4 125 127 (1408 512 512 ) (1024 512 512 ) (1024 640 512 ) (1408 640 512 ) 
4 126 130 (1792 512 128 ) (2048 512 128 ) (2048 512 512 ) (1792 512 512 ) 
4 127 171 (1024 512 128 ) (1024 512 512 ) (1024 640 512 ) (1024 640 128 ) 
4 127 135 (1024 512 512 ) (1024 512 128 ) (1408 512 128 ) (1408 512 512 ) 
4 128 140 (1184 512 0 ) (1248 512 0 ) (1248 512 64 ) (1184 512 64 ) 
4 129 249 (1152 0 4096 ) (1024 0 4096 ) (1024 0 512 ) (1152 0 512 ) 
4 129 233 (1280 0 4096 ) (1152 0 4096 ) (1152 0 512 ) (1280 0 512 ) 
4 129 225 (1344 0 4096 ) (1280 0 4096 ) (1280 0 512 ) (1344 0 512 ) 
4 129 224 (1728 0 4096 ) (1344 0 4096 ) (1344 0 512 ) (1728 0 512 ) 
4 129 200 (2048 0 512 ) (2048 0 4096 ) (1728 0 4096 ) (1728 0 512 ) 
4 129 172 (1024 0 512 ) (1024 0 4096 ) (1024 512 4096 ) (1024 512 512 ) 
4 129 134 (2048 64 512 ) (2048 0 512 ) (1824 0 512 ) (1824 64 512 ) 
4 129 132 (1792 432 512 ) (1792 336 512 ) (1760 336 512 ) (1760 432 512 ) 
4 129 131 (1760 512 512 ) (1792 512 512 ) (1792 432 512 ) (1760 432 512 ) 
4 129 133 (1792 336 512 ) (1792 64 512 ) (1760 64 512 ) (1760 336 512 ) 
4 129 130 (1792 512 512 ) (2048 512 512 ) (2048 64 512 ) (1792 64 512 ) 
4 129 135 (1024 0 512 ) (1024 512 512 ) (1760 512 512 ) (1760 0 512 ) 
4 130 134 (1824 64 128 ) (2048 64 128 ) (2048 64 512 ) (1824 64 512 ) 
4 130 132 (1792 336 132 ) (1792 336 512 ) (1792 432 512 ) (1792 432 132 ) 
4 130 131 (1792 512 128 ) (1792 432 128 ) (1792 432 512 ) (1792 512 512 ) 
4 130 133 (1792 336 128 ) (1792 64 128 ) (1792 64 512 ) (1792 336 512 ) 
4 131 132 (1760 432 512 ) (1760 432 132 ) (1792 432 132 ) (1792 432 512 ) 
4 131 135 (1760 512 128 ) (1760 432 128 ) (1760 432 512 ) (1760 512 512 ) 
4 132 135 (1760 336 132 ) (1760 336 512 ) (1760 432 512 ) (1760 432 132 ) 
4 132 133 (1760 336 512 ) (1760 336 132 ) (1792 336 132 ) (1792 336 512 ) 
4 133 135 (1760 336 128 ) (1760 64 128 ) (1760 64 512 ) (1760 336 512 ) 
4 134 200 (2048 0 128 ) (2048 0 512 ) (1824 0 512 ) (1824 0 128 ) 
4 135 250 (1152 0 512 ) (1024 0 512 ) (1024 0 128 ) (1152 0 128 ) 
4 135 237 (1152 0 256 ) (1152 0 128 ) (1280 0 128 ) (1280 0 256 ) 
4 135 235 (1152 0 384 ) (1152 0 256 ) (1280 0 256 ) (1280 0 384 ) 
4 135 234 (1280 0 512 ) (1152 0 512 ) (1152 0 384 ) (1280 0 384 ) 
4 135 226 (1344 0 512 ) (1280 0 512 ) (1280 0 128 ) (1344 0 128 ) 
4 135 224 (1728 0 512 ) (1344 0 512 ) (1344 0 128 ) (1728 0 128 ) 
4 135 200 (1760 0 512 ) (1728 0 512 ) (1728 0 128 ) (1760 0 128 ) 
4 135 172 (1024 0 128 ) (1024 0 512 ) (1024 512 512 ) (1024 512 128 ) 
4 135 136 (1698 130 128 ) (1698 512 128 ) (1760 512 128 ) (1760 130 128 ) 
4 135 139 (1760 0 128 ) (1698 0 128 ) (1698 130 128 ) (1760 130 128 ) 
4 135 140 (1698 0 128 ) (1024 0 128 ) (1024 512 128 ) (1698 512 128 ) 
4 136 140 (1698 130 128 ) (1698 512 128 ) (1698 512 124 ) (1698 130 124 ) 
4 136 139 (1698 130 128 ) (1698 130 124 ) (1760 130 124 ) (1760 130 128 ) 
4 136 137 (1760 130 124 ) (1698 130 124 ) (1698 512 124 ) (1760 512 124 ) 
4 137 138 (1760 130 122 ) (1698 130 122 ) (1698 512 122 ) (1760 512 122 ) 
4 137 140 (1698 512 124 ) (1698 512 122 ) (1698 130 122 ) (1698 130 124 ) 
4 137 139 (1698 130 124 ) (1698 130 122 ) (1760 130 122 ) (1760 130 124 ) 
4 138 154 (1698 130 0 ) (1698 512 0 ) (1760 512 0 ) (1760 130 0 ) 
4 138 139 (1698 130 122 ) (1698 130 0 ) (1760 130 0 ) (1760 130 122 ) 
4 138 140 (1698 512 122 ) (1698 512 0 ) (1698 130 0 ) (1698 130 122 ) 
4 139 224 (1728 0 128 ) (1698 0 128 ) (1698 0 0 ) (1728 0 0 ) 
4 139 200 (1760 0 128 ) (1728 0 128 ) (1728 0 0 ) (1760 0 0 ) 
4 139 154 (1760 0 0 ) (1698 0 0 ) (1698 130 0 ) (1760 130 0 ) 
4 139 140 (1698 0 128 ) (1698 130 128 ) (1698 130 0 ) (1698 0 0 ) 
4 140 250 (1152 0 128 ) (1024 0 128 ) (1024 0 0 ) (1152 0 0 ) 
4 140 238 (1152 0 64 ) (1152 0 0 ) (1280 0 0 ) (1280 0 64 ) 
4 140 237 (1280 0 128 ) (1152 0 128 ) (1152 0 64 ) (1280 0 64 ) 
4 140 226 (1344 0 128 ) (1280 0 128 ) (1280 0 0 ) (1344 0 0 ) 
4 140 224 (1698 0 128 ) (1344 0 128 ) (1344 0 0 ) (1698 0 0 ) 
4 140 172 (1024 512 0 ) (1024 0 0 ) (1024 0 128 ) (1024 512 128 ) 
4 140 160 (1280 0 0 ) (1024 0 0 ) (1024 512 0 ) (1280 512 0 ) 
4 140 154 (1698 0 0 ) (1280 0 0 ) (1280 512 0 ) (1698 512 0 ) 
4 141 147 (2048 704 0 ) (1792 704 0 ) (1792 704 -128 ) (2048 704 -128 ) 
4 141 143 (2048 704 -128 ) (1792 704 -128 ) (1792 736 -128 ) (2048 736 -128 ) 
4 141 142 (1792 736 -128 ) (1792 832 -128 ) (2048 832 -128 ) (2048 736 -128 ) 
4 142 145 (1792 736 -384 ) (2048 736 -384 ) (2048 736 -192 ) (1792 736 -192 ) 
4 142 143 (2048 736 -192 ) (2048 736 -128 ) (1792 736 -128 ) (1792 736 -192 ) 
4 143 147 (1792 704 -192 ) (2048 704 -192 ) (2048 704 -128 ) (1792 704 -128 ) 
4 143 145 (2048 704 -192 ) (1792 704 -192 ) (1792 736 -192 ) (2048 736 -192 ) 
4 144 156 (1184 704 -192 ) (1248 704 -192 ) (1248 704 -128 ) (1184 704 -128 ) 
4 145 147 (1792 704 -384 ) (2048 704 -384 ) (2048 704 -192 ) (1792 704 -192 ) 
4 146 162 (1152 704 -5120 ) (1280 704 -5120 ) (1280 704 -512 ) (1152 704 -512 ) 
4 146 155 (1280 704 -5120 ) (1760 704 -5120 ) (1760 704 -512 ) (1280 704 -512 ) 
4 146 150 (1760 704 -5120 ) (2048 704 -5120 ) (2048 704 -512 ) (1760 704 -512 ) 
4 147 148 (1792 704 -128 ) (1792 704 -384 ) (1792 512 -384 ) (1792 512 -128 ) 
4 147 149 (1792 512 -384 ) (2048 512 -384 ) (2048 512 0 ) (1792 512 0 ) 
4 148 155 (1760 704 -128 ) (1760 704 -384 ) (1760 512 -384 ) (1760 512 -128 ) 
4 148 149 (1760 512 -128 ) (1760 512 -384 ) (1792 512 -384 ) (1792 512 -128 ) 
4 149 155 (1760 512 -384 ) (1760 256 -384 ) (1760 256 -128 ) (1760 512 -128 ) 
4 149 154 (1760 256 -128 ) (1760 256 0 ) (1760 512 0 ) (1760 512 -128 ) 
4 149 152 (1760 256 0 ) (1760 256 -384 ) (1824 256 -384 ) (1824 256 0 ) 
4 149 151 (1824 256 -384 ) (2048 256 -384 ) (2048 256 0 ) (1824 256 0 ) 
4 150 155 (1760 704 -512 ) (1760 704 -5120 ) (1760 256 -5120 ) (1760 256 -512 ) 
4 150 153 (1760 256 -512 ) (1760 256 -5120 ) (2048 256 -5120 ) (2048 256 -512 ) 
4 151 200 (2048 0 -384 ) (2048 0 0 ) (1824 0 0 ) (1824 0 -384 ) 
4 151 153 (1824 256 -512 ) (2048 256 -512 ) (2048 0 -512 ) (1824 0 -512 ) 
4 151 152 (1824 256 0 ) (1824 256 -512 ) (1824 64 -512 ) (1824 64 0 ) 
4 152 155 (1760 256 -128 ) (1760 256 -512 ) (1760 64 -512 ) (1760 64 -128 ) 
4 152 154 (1760 64 0 ) (1760 256 0 ) (1760 256 -128 ) (1760 64 -128 ) 
4 152 153 (1760 64 -512 ) (1760 256 -512 ) (1824 256 -512 ) (1824 64 -512 ) 
4 153 203 (2048 0 -5120 ) (2048 0 -512 ) (1760 0 -512 ) (1760 0 -5120 ) 
4 153 155 (1760 0 -5120 ) (1760 0 -512 ) (1760 256 -512 ) (1760 256 -5120 ) 
4 154 228 (1344 0 0 ) (1280 0 0 ) (1280 0 -128 ) (1344 0 -128 ) 
4 154 224 (1728 0 0 ) (1344 0 0 ) (1344 0 -128 ) (1728 0 -128 ) 
4 154 200 (1760 0 -128 ) (1760 0 0 ) (1728 0 0 ) (1728 0 -128 ) 
4 154 160 (1280 512 -128 ) (1280 0 -128 ) (1280 0 0 ) (1280 512 0 ) 
4 154 155 (1280 0 -128 ) (1280 512 -128 ) (1760 512 -128 ) (1760 0 -128 ) 
4 155 230 (1344 0 -128 ) (1280 0 -128 ) (1280 0 -512 ) (1344 0 -512 ) 
4 155 231 (1280 0 -512 ) (1280 0 -5120 ) (1344 0 -5120 ) (1344 0 -512 ) 
4 155 224 (1728 0 -128 ) (1344 0 -128 ) (1344 0 -5120 ) (1728 0 -5120 ) 
4 155 203 (1760 0 -5120 ) (1760 0 -512 ) (1728 0 -512 ) (1728 0 -5120 ) 
4 155 202 (1760 0 -512 ) (1760 0 -384 ) (1728 0 -384 ) (1728 0 -512 ) 
4 155 200 (1760 0 -384 ) (1760 0 -128 ) (1728 0 -128 ) (1728 0 -384 ) 
4 155 163 (1280 384 -5120 ) (1280 0 -5120 ) (1280 0 -512 ) (1280 384 -512 ) 
4 155 162 (1280 704 -512 ) (1280 704 -5120 ) (1280 384 -5120 ) (1280 384 -512 ) 
4 155 161 (1280 256 -512 ) (1280 0 -512 ) (1280 0 -384 ) (1280 256 -384 ) 
4 155 158 (1280 512 -128 ) (1280 544 -128 ) (1280 544 -384 ) (1280 512 -384 ) 
4 155 160 (1280 0 -384 ) (1280 0 -128 ) (1280 512 -128 ) (1280 512 -384 ) 
4 155 156 (1280 704 -128 ) (1280 704 -384 ) (1280 608 -384 ) (1280 608 -128 ) 
4 155 157 (1280 608 -384 ) (1280 544 -384 ) (1280 544 -128 ) (1280 608 -128 ) 
4 156 179 (1024 704 -192 ) (1024 704 -384 ) (1024 608 -384 ) (1024 608 -192 ) 
4 156 178 (1024 704 -128 ) (1024 704 -192 ) (1024 608 -192 ) (1024 608 -128 ) 
4 156 157 (1024 608 -384 ) (1280 608 -384 ) (1280 608 -128 ) (1024 608 -128 ) 
4 157 179 (1024 608 -384 ) (1024 544 -384 ) (1024 544 -192 ) (1024 608 -192 ) 
4 157 178 (1024 544 -192 ) (1024 544 -128 ) (1024 608 -128 ) (1024 608 -192 ) 
4 157 174 (1024 544 -128 ) (1024 544 -96 ) (1024 608 -96 ) (1024 608 -128 ) 
4 157 159 (1072 544 -128 ) (1024 544 -128 ) (1024 544 -380 ) (1072 544 -380 ) 
4 157 158 (1280 544 -384 ) (1280 544 -128 ) (1072 544 -128 ) (1072 544 -384 ) 
4 158 159 (1072 512 -380 ) (1072 512 -128 ) (1072 544 -128 ) (1072 544 -380 ) 
4 158 160 (1072 512 -384 ) (1280 512 -384 ) (1280 512 -128 ) (1072 512 -128 ) 
4 159 180 (1024 544 -192 ) (1024 544 -380 ) (1024 512 -380 ) (1024 512 -192 ) 
4 159 178 (1024 544 -128 ) (1024 544 -192 ) (1024 512 -192 ) (1024 512 -128 ) 
4 159 160 (1072 512 -380 ) (1072 512 -128 ) (1024 512 -128 ) (1024 512 -380 ) 
4 160 253 (1024 0 -128 ) (1024 0 -384 ) (1152 0 -384 ) (1152 0 -128 ) 
4 160 250 (1152 0 0 ) (1024 0 0 ) (1024 0 -128 ) (1152 0 -128 ) 
4 160 241 (1280 0 -384 ) (1280 0 -192 ) (1152 0 -192 ) (1152 0 -384 ) 
4 160 238 (1280 0 -192 ) (1280 0 0 ) (1152 0 0 ) (1152 0 -192 ) 
4 160 181 (1024 0 -384 ) (1024 0 -192 ) (1024 512 -192 ) (1024 512 -384 ) 
4 160 178 (1024 0 -192 ) (1024 0 -128 ) (1024 512 -128 ) (1024 512 -192 ) 
4 160 175 (1024 0 -128 ) (1024 0 0 ) (1024 512 0 ) (1024 512 -128 ) 
4 160 161 (1024 0 -384 ) (1024 256 -384 ) (1280 256 -384 ) (1280 0 -384 ) 
4 161 253 (1152 0 -384 ) (1024 0 -384 ) (1024 0 -512 ) (1152 0 -512 ) 
4 161 241 (1280 0 -512 ) (1280 0 -384 ) (1152 0 -384 ) (1152 0 -512 ) 
4 161 166 (1120 256 -512 ) (1184 256 -512 ) (1184 0 -512 ) (1120 0 -512 ) 
4 161 163 (1184 256 -512 ) (1280 256 -512 ) (1280 0 -512 ) (1184 0 -512 ) 
4 161 167 (1024 0 -512 ) (1024 256 -512 ) (1120 256 -512 ) (1120 0 -512 ) 
4 162 164 (1152 384 -5120 ) (1184 384 -5120 ) (1184 384 -512 ) (1152 384 -512 ) 
4 162 163 (1184 384 -5120 ) (1280 384 -5120 ) (1280 384 -512 ) (1184 384 -512 ) 
4 163 242 (1280 0 -5120 ) (1280 0 -512 ) (1184 0 -512 ) (1184 0 -5120 ) 
4 163 165 (1184 264 -5120 ) (1184 256 -5120 ) (1184 256 -544 ) (1184 264 -544 ) 
4 163 164 (1184 384 -512 ) (1184 384 -5120 ) (1184 264 -5120 ) (1184 264 -512 ) 
4 163 166 (1184 256 -5120 ) (1184 0 -5120 ) (1184 0 -512 ) (1184 256 -512 ) 
4 164 165 (1120 264 -544 ) (1120 264 -5120 ) (1184 264 -5120 ) (1184 264 -544 ) 
4 164 167 (1120 384 -512 ) (1120 384 -5120 ) (1120 264 -5120 ) (1120 264 -512 ) 
4 165 167 (1120 264 -5120 ) (1120 256 -5120 ) (1120 256 -544 ) (1120 264 -544 ) 
4 165 166 (1120 256 -544 ) (1120 256 -5120 ) (1184 256 -5120 ) (1184 256 -544 ) 
4 166 253 (1152 0 -512 ) (1120 0 -512 ) (1120 0 -5120 ) (1152 0 -5120 ) 
4 166 242 (1184 0 -512 ) (1152 0 -512 ) (1152 0 -5120 ) (1184 0 -5120 ) 
4 166 167 (1120 256 -5120 ) (1120 0 -5120 ) (1120 0 -512 ) (1120 256 -512 ) 
4 167 253 (1120 0 -512 ) (1024 0 -512 ) (1024 0 -5120 ) (1120 0 -5120 ) 
4 167 190 (1024 0 -5120 ) (1024 0 -512 ) (1024 384 -512 ) (1024 384 -5120 ) 
4 168 183 (768 1024 4096 ) (768 1024 8 ) (768 896 8 ) (768 896 4096 ) 
4 168 184 (768 896 8 ) (768 640 8 ) (768 640 4096 ) (768 896 4096 ) 
4 168 171 (768 640 4096 ) (768 640 128 ) (1024 640 128 ) (1024 640 4096 ) 
4 168 170 (896 640 8 ) (768 640 8 ) (768 896 8 ) (896 896 8 ) 
4 168 169 (1024 640 8 ) (896 640 8 ) (896 1024 8 ) (1024 1024 8 ) 
4 169 170 (896 896 0 ) (896 640 0 ) (896 640 8 ) (896 896 8 ) 
4 170 184 (768 896 0 ) (768 640 0 ) (768 640 8 ) (768 896 8 ) 
4 171 186 (768 512 4096 ) (768 640 4096 ) (768 640 512 ) (768 512 512 ) 
4 171 172 (1024 512 128 ) (1024 512 4096 ) (768 512 4096 ) (768 512 128 ) 
4 172 260 (768 0 512 ) (768 0 0 ) (896 0 0 ) (896 0 512 ) 
4 172 259 (896 0 4096 ) (768 0 4096 ) (768 0 512 ) (896 0 512 ) 
4 172 257 (1024 0 0 ) (1024 0 512 ) (896 0 512 ) (896 0 0 ) 
4 172 256 (1024 0 512 ) (1024 0 4096 ) (896 0 4096 ) (896 0 512 ) 
4 172 189 (768 0 0 ) (768 0 4096 ) (768 512 4096 ) (768 512 0 ) 
4 172 175 (768 0 0 ) (768 512 0 ) (1024 512 0 ) (1024 0 0 ) 
4 173 185 (768 896 0 ) (768 1024 0 ) (768 1024 -128 ) (768 896 -128 ) 
4 173 176 (768 896 -128 ) (768 1024 -128 ) (896 1024 -128 ) (896 896 -128 ) 
4 174 178 (768 544 -128 ) (768 608 -128 ) (1024 608 -128 ) (1024 544 -128 ) 
4 175 261 (768 0 -96 ) (768 0 -128 ) (896 0 -128 ) (896 0 -96 ) 
4 175 260 (896 0 0 ) (768 0 0 ) (768 0 -96 ) (896 0 -96 ) 
4 175 257 (1024 0 -128 ) (1024 0 0 ) (896 0 0 ) (896 0 -128 ) 
4 175 189 (768 0 -128 ) (768 0 0 ) (768 512 0 ) (768 512 -128 ) 
4 175 178 (1024 0 -128 ) (768 0 -128 ) (768 512 -128 ) (1024 512 -128 ) 
4 176 185 (768 1024 -384 ) (768 896 -384 ) (768 896 -128 ) (768 1024 -128 ) 
4 177 178 (800 704 -192 ) (864 704 -192 ) (864 704 -128 ) (800 704 -128 ) 
4 178 263 (1024 0 -192 ) (1024 0 -128 ) (768 0 -128 ) (768 0 -192 ) 
4 178 189 (768 0 -192 ) (768 0 -128 ) (768 512 -128 ) (768 512 -192 ) 
4 178 180 (976 512 -192 ) (976 544 -192 ) (1024 544 -192 ) (1024 512 -192 ) 
4 178 179 (976 544 -192 ) (976 704 -192 ) (1024 704 -192 ) (1024 544 -192 ) 
4 178 181 (1024 0 -192 ) (976 0 -192 ) (976 512 -192 ) (1024 512 -192 ) 
4 178 182 (976 0 -192 ) (768 0 -192 ) (768 704 -192 ) (976 704 -192 ) 
4 179 180 (976 544 -192 ) (976 544 -380 ) (1024 544 -380 ) (1024 544 -192 ) 
4 179 182 (976 704 -192 ) (976 704 -384 ) (976 544 -384 ) (976 544 -192 ) 
4 180 182 (976 512 -380 ) (976 512 -192 ) (976 544 -192 ) (976 544 -380 ) 
4 180 181 (976 512 -192 ) (976 512 -380 ) (1024 512 -380 ) (1024 512 -192 ) 
4 181 271 (1024 0 -384 ) (1024 0 -192 ) (976 0 -192 ) (976 0 -384 ) 
4 181 182 (976 512 -384 ) (976 0 -384 ) (976 0 -192 ) (976 512 -192 ) 
4 182 273 (896 0 -192 ) (768 0 -192 ) (768 0 -384 ) (896 0 -384 ) 
4 182 271 (976 0 -192 ) (896 0 -192 ) (896 0 -384 ) (976 0 -384 ) 
4 182 189 (768 512 -384 ) (768 0 -384 ) (768 0 -192 ) (768 512 -192 ) 
4 182 187 (768 576 -320 ) (768 576 -256 ) (768 640 -256 ) (768 640 -320 ) 
4 183 194 (640 1024 256 ) (640 1024 8 ) (640 896 8 ) (640 896 256 ) 
4 183 193 (640 1024 512 ) (640 1024 256 ) (640 896 256 ) (640 896 512 ) 
4 183 192 (640 1024 4096 ) (640 1024 512 ) (640 896 512 ) (640 896 4096 ) 
4 183 184 (768 896 8 ) (768 896 4096 ) (640 896 4096 ) (640 896 8 ) 
3 184 195 (640 648 0 ) (640 640 0 ) (640 648 8 ) 
4 184 194 (640 896 0 ) (640 648 0 ) (640 648 256 ) (640 896 256 ) 
4 184 193 (640 640 256 ) (640 640 512 ) (640 896 512 ) (640 896 256 ) 
4 184 192 (640 640 512 ) (640 640 4096 ) (640 896 4096 ) (640 896 512 ) 
4 184 188 (640 640 4096 ) (640 640 512 ) (736 640 512 ) (736 640 4096 ) 
4 184 186 (768 640 512 ) (768 640 4096 ) (736 640 4096 ) (736 640 512 ) 
4 185 194 (640 1024 0 ) (640 1024 -384 ) (640 896 -384 ) (640 896 0 ) 
4 186 189 (768 512 512 ) (768 512 4096 ) (736 512 4096 ) (736 512 512 ) 
4 186 188 (736 640 4096 ) (736 640 512 ) (736 512 512 ) (736 512 4096 ) 
4 188 192 (640 640 4096 ) (640 640 512 ) (640 512 512 ) (640 512 4096 ) 
4 188 189 (640 512 4096 ) (640 512 512 ) (736 512 512 ) (736 512 4096 ) 
4 189 273 (640 0 -192 ) (640 0 -384 ) (768 0 -384 ) (768 0 -192 ) 
4 189 263 (640 0 -128 ) (640 0 -192 ) (768 0 -192 ) (768 0 -128 ) 
4 189 261 (640 0 -96 ) (640 0 -128 ) (768 0 -128 ) (768 0 -96 ) 
4 189 260 (640 0 512 ) (640 0 -96 ) (768 0 -96 ) (768 0 512 ) 
4 189 259 (640 0 4096 ) (640 0 512 ) (768 0 512 ) (768 0 4096 ) 
4 189 199 (640 0 0 ) (640 0 256 ) (640 128 256 ) (640 128 0 ) 
4 189 198 (640 128 256 ) (640 384 256 ) (640 384 -384 ) (640 128 -384 ) 
4 189 196 (640 384 256 ) (640 512 256 ) (640 512 -384 ) (640 384 -384 ) 
4 189 192 (640 0 512 ) (640 0 4096 ) (640 512 4096 ) (640 512 512 ) 
4 190 278 (1024 0 -5120 ) (1024 0 -512 ) (896 0 -512 ) (896 0 -5120 ) 
4 191 197 (640 384 -5120 ) (640 384 -512 ) (640 640 -512 ) (640 640 -5120 ) 
4 191 195 (640 640 -512 ) (640 648 -512 ) (640 648 -5120 ) (640 640 -5120 ) 
4 191 194 (640 648 -512 ) (640 1024 -512 ) (640 1024 -5120 ) (640 648 -5120 ) 
4 192 280 (0 1024 4096 ) (0 1024 512 ) (0 0 512 ) (0 0 4096 ) 
4 192 266 (640 0 512 ) (640 0 4096 ) (0 0 4096 ) (0 0 512 ) 
4 192 193 (0 1024 512 ) (640 1024 512 ) (640 640 512 ) (0 640 512 ) 
4 193 280 (0 1024 512 ) (0 1024 256 ) (0 640 256 ) (0 640 512 ) 
4 193 194 (0 648 256 ) (0 1024 256 ) (640 1024 256 ) (640 648 256 ) 
4 194 285 (0 1024 -1280 ) (0 1024 -5120 ) (0 648 -5120 ) (0 648 -1280 ) 
4 194 284 (0 1024 -384 ) (0 1024 -1280 ) (0 648 -1280 ) (0 648 -384 ) 
4 194 281 (0 1024 256 ) (0 1024 -384 ) (0 648 -384 ) (0 648 256 ) 
4 194 195 (0 648 -5120 ) (640 648 -5120 ) (640 648 8 ) (0 648 8 ) 
4 195 285 (0 648 -5120 ) (0 640 -5120 ) (0 640 -1280 ) (0 648 -1280 ) 
4 195 284 (0 640 -1280 ) (0 640 -384 ) (0 648 -384 ) (0 648 -1280 ) 
4 195 281 (0 640 -384 ) (0 640 0 ) (0 648 8 ) (0 648 -384 ) 
4 195 197 (640 640 -5120 ) (640 640 -512 ) (0 640 -512 ) (0 640 -5120 ) 
4 195 196 (640 640 -384 ) (640 640 0 ) (0 640 0 ) (0 640 -384 ) 
4 196 282 (0 384 -384 ) (0 384 -256 ) (0 448 -256 ) (0 448 -384 ) 
4 196 198 (640 384 -384 ) (640 384 256 ) (0 384 256 ) (0 384 -384 ) 
4 197 285 (0 384 -5120 ) (0 384 -1280 ) (0 640 -1280 ) (0 640 -5120 ) 
4 198 282 (0 384 -256 ) (0 384 -384 ) (0 320 -384 ) (0 320 -256 ) 
4 198 199 (640 128 0 ) (640 128 256 ) (0 128 256 ) (0 128 0 ) 
4 199 270 (192 0 128 ) (192 0 0 ) (320 0 0 ) (320 0 128 ) 
4 199 268 (640 0 0 ) (640 0 256 ) (512 0 256 ) (512 0 0 ) 
4 200 224 (1728 0 4096 ) (1728 0 -384 ) (1728 -384 -384 ) (1728 -384 4096 ) 
4 200 213 (1728 -384 4096 ) (1728 -384 512 ) (1792 -384 512 ) (1792 -384 4096 ) 
4 200 206 (1792 -384 -384 ) (2048 -384 -384 ) (2048 -384 0 ) (1792 -384 0 ) 
4 200 204 (2048 -384 512 ) (2048 -384 4096 ) (1792 -384 4096 ) (1792 -384 512 ) 
4 200 202 (1760 -384 -384 ) (1728 -384 -384 ) (1728 0 -384 ) (1760 0 -384 ) 
4 201 209 (2048 -384 -480 ) (2048 -384 -416 ) (1792 -384 -416 ) (1792 -384 -480 ) 
4 202 224 (1728 0 -384 ) (1728 0 -512 ) (1728 -384 -512 ) (1728 -384 -384 ) 
4 202 222 (1728 -384 -384 ) (1728 -384 -512 ) (1760 -384 -512 ) (1760 -384 -384 ) 
4 202 203 (1760 -384 -512 ) (1728 -384 -512 ) (1728 0 -512 ) (1760 0 -512 ) 
4 203 224 (1728 0 -512 ) (1728 0 -5120 ) (1728 -384 -5120 ) (1728 -384 -512 ) 
4 203 223 (1728 -384 -512 ) (1728 -384 -5120 ) (1760 -384 -5120 ) (1760 -384 -512 ) 
4 203 219 (1760 -384 -5120 ) (1792 -384 -5120 ) (1792 -384 -512 ) (1760 -384 -512 ) 
4 203 211 (1792 -384 -5120 ) (2048 -384 -5120 ) (2048 -384 -512 ) (1792 -384 -512 ) 
4 204 292 (2048 -1024 512 ) (2048 -1024 4096 ) (1792 -1024 4096 ) (1792 -1024 512 ) 
4 204 213 (1792 -384 4096 ) (1792 -384 512 ) (1792 -1024 512 ) (1792 -1024 4096 ) 
4 204 208 (2048 -1024 512 ) (1792 -1024 512 ) (1792 -576 512 ) (2048 -576 512 ) 
4 204 207 (1792 -544 512 ) (1792 -512 512 ) (2048 -512 512 ) (2048 -544 512 ) 
4 204 205 (1792 -512 512 ) (1792 -416 512 ) (2048 -416 512 ) (2048 -512 512 ) 
4 205 214 (1792 -416 32 ) (1792 -512 32 ) (1792 -512 512 ) (1792 -416 512 ) 
4 205 207 (2048 -512 32 ) (2048 -512 512 ) (1792 -512 512 ) (1792 -512 32 ) 
4 207 214 (1792 -544 0 ) (1792 -544 512 ) (1792 -512 512 ) (1792 -512 0 ) 
4 208 292 (2048 -1024 -384 ) (2048 -1024 512 ) (1792 -1024 512 ) (1792 -1024 -384 ) 
4 208 218 (1792 -576 -384 ) (1792 -1024 -384 ) (1792 -1024 0 ) (1792 -576 0 ) 
4 208 215 (1792 -1024 0 ) (1792 -1024 512 ) (1792 -576 512 ) (1792 -576 0 ) 
4 208 212 (1792 -1024 -384 ) (1792 -576 -384 ) (2048 -576 -384 ) (2048 -1024 -384 ) 
4 209 217 (1792 -384 -416 ) (1792 -384 -480 ) (1792 -512 -480 ) (1792 -512 -416 ) 
4 209 210 (1792 -512 -480 ) (2048 -512 -480 ) (2048 -512 -416 ) (1792 -512 -416 ) 
4 210 217 (1792 -512 -480 ) (1792 -544 -480 ) (1792 -544 -384 ) (1792 -512 -384 ) 
4 211 219 (1792 -384 -512 ) (1792 -384 -5120 ) (1792 -576 -5120 ) (1792 -576 -512 ) 
4 211 212 (1792 -576 -5120 ) (2048 -576 -5120 ) (2048 -576 -512 ) (1792 -576 -512 ) 
4 212 292 (2048 -1024 -5120 ) (2048 -1024 -384 ) (1792 -1024 -384 ) (1792 -1024 -5120 ) 
4 212 219 (1792 -576 -5120 ) (1792 -1024 -5120 ) (1792 -1024 -512 ) (1792 -576 -512 ) 
4 212 218 (1792 -1024 -512 ) (1792 -1024 -384 ) (1792 -576 -384 ) (1792 -576 -512 ) 
4 213 292 (1792 -1024 512 ) (1792 -1024 4096 ) (1728 -1024 4096 ) (1728 -1024 512 ) 
4 213 224 (1728 -1024 512 ) (1728 -1024 4096 ) (1728 -384 4096 ) (1728 -384 512 ) 
4 213 220 (1728 -1024 512 ) (1728 -576 512 ) (1760 -576 512 ) (1760 -1024 512 ) 
4 213 214 (1792 -416 512 ) (1792 -544 512 ) (1760 -544 512 ) (1760 -416 512 ) 
4 213 215 (1792 -576 512 ) (1792 -1024 512 ) (1760 -1024 512 ) (1760 -576 512 ) 
4 214 216 (1760 -544 0 ) (1760 -512 0 ) (1792 -512 0 ) (1792 -544 0 ) 
4 215 292 (1792 -1024 0 ) (1792 -1024 512 ) (1760 -1024 512 ) (1760 -1024 0 ) 
4 215 220 (1760 -1024 512 ) (1760 -576 512 ) (1760 -576 0 ) (1760 -1024 0 ) 
4 215 218 (1760 -1024 0 ) (1760 -576 0 ) (1792 -576 0 ) (1792 -1024 0 ) 
4 216 217 (1760 -544 -384 ) (1760 -512 -384 ) (1792 -512 -384 ) (1792 -544 -384 ) 
4 217 222 (1760 -384 -384 ) (1760 -384 -480 ) (1760 -416 -480 ) (1760 -416 -384 ) 
4 218 292 (1792 -1024 -512 ) (1792 -1024 0 ) (1760 -1024 0 ) (1760 -1024 -512 ) 
4 218 220 (1760 -576 -512 ) (1760 -1024 -512 ) (1760 -1024 0 ) (1760 -576 0 ) 
4 218 219 (1760 -1024 -512 ) (1760 -576 -512 ) (1792 -576 -512 ) (1792 -1024 -512 ) 
4 219 292 (1792 -1024 -5120 ) (1792 -1024 -512 ) (1760 -1024 -512 ) (1760 -1024 -5120 ) 
4 219 223 (1760 -384 -512 ) (1760 -384 -5120 ) (1760 -416 -5120 ) (1760 -416 -512 ) 
4 219 221 (1760 -416 -5120 ) (1760 -1024 -5120 ) (1760 -1024 -512 ) (1760 -416 -512 ) 
4 220 292 (1760 -1024 -512 ) (1760 -1024 512 ) (1728 -1024 512 ) (1728 -1024 -512 ) 
4 220 224 (1728 -1024 -512 ) (1728 -1024 512 ) (1728 -576 512 ) (1728 -576 -512 ) 
4 220 221 (1728 -1024 -512 ) (1728 -576 -512 ) (1760 -576 -512 ) (1760 -1024 -512 ) 
4 221 292 (1760 -1024 -5120 ) (1760 -1024 -512 ) (1728 -1024 -512 ) (1728 -1024 -5120 ) 
4 221 224 (1728 -1024 -5120 ) (1728 -1024 -512 ) (1728 -384 -512 ) (1728 -384 -5120 ) 
4 221 223 (1760 -416 -512 ) (1760 -416 -5120 ) (1728 -384 -5120 ) (1728 -384 -512 ) 
4 224 292 (1728 -1024 -5120 ) (1728 -1024 4096 ) (1344 -1024 4096 ) (1344 -1024 -5120 ) 
4 224 230 (1344 -384 -128 ) (1344 0 -128 ) (1344 0 -512 ) (1344 -384 -512 ) 
4 224 231 (1344 0 -512 ) (1344 0 -5120 ) (1344 -768 -5120 ) (1344 -768 -512 ) 
4 224 232 (1344 -1024 -5120 ) (1344 -1024 -128 ) (1344 -768 -128 ) (1344 -768 -5120 ) 
4 224 229 (1344 -1024 -128 ) (1344 -1024 0 ) (1344 -768 0 ) (1344 -768 -128 ) 
4 224 228 (1344 -384 0 ) (1344 0 0 ) (1344 0 -128 ) (1344 -384 -128 ) 
4 224 227 (1344 -1024 0 ) (1344 -1024 512 ) (1344 -768 512 ) (1344 -768 0 ) 
4 224 226 (1344 -384 512 ) (1344 0 512 ) (1344 0 0 ) (1344 -384 0 ) 
4 224 225 (1344 -1024 512 ) (1344 -1024 4096 ) (1344 0 4096 ) (1344 0 512 ) 
4 225 292 (1344 -1024 512 ) (1344 -1024 4096 ) (1280 -1024 4096 ) (1280 -1024 512 ) 
4 225 243 (1280 -1024 512 ) (1280 -1024 4096 ) (1280 -416 4096 ) (1280 -416 512 ) 
4 225 233 (1280 -416 4096 ) (1280 0 4096 ) (1280 0 512 ) (1280 -416 512 ) 
4 225 227 (1280 -1024 512 ) (1280 -768 512 ) (1344 -768 512 ) (1344 -1024 512 ) 
4 225 226 (1280 -384 512 ) (1280 0 512 ) (1344 0 512 ) (1344 -384 512 ) 
4 226 238 (1280 0 64 ) (1280 0 0 ) (1280 -384 0 ) (1280 -384 64 ) 
4 226 237 (1280 0 256 ) (1280 0 64 ) (1280 -384 64 ) (1280 -384 256 ) 
4 226 235 (1280 0 384 ) (1280 0 256 ) (1280 -384 256 ) (1280 -384 384 ) 
4 226 234 (1280 -384 512 ) (1280 0 512 ) (1280 0 384 ) (1280 -384 384 ) 
4 226 228 (1280 -384 0 ) (1280 0 0 ) (1344 0 0 ) (1344 -384 0 ) 
4 227 292 (1344 -1024 0 ) (1344 -1024 512 ) (1280 -1024 512 ) (1280 -1024 0 ) 
4 227 248 (1280 -1024 0 ) (1280 -1024 256 ) (1280 -768 256 ) (1280 -768 0 ) 
4 227 246 (1280 -1024 256 ) (1280 -1024 384 ) (1280 -768 384 ) (1280 -768 256 ) 
4 227 244 (1280 -1024 384 ) (1280 -1024 512 ) (1280 -768 512 ) (1280 -768 384 ) 
4 227 229 (1280 -1024 0 ) (1280 -768 0 ) (1344 -768 0 ) (1344 -1024 0 ) 
4 228 238 (1280 -384 0 ) (1280 0 0 ) (1280 0 -128 ) (1280 -384 -128 ) 
4 228 230 (1280 -384 -128 ) (1280 0 -128 ) (1344 0 -128 ) (1344 -384 -128 ) 
4 229 292 (1344 -1024 -128 ) (1344 -1024 0 ) (1280 -1024 0 ) (1280 -1024 -128 ) 
4 229 248 (1280 -1024 -128 ) (1280 -1024 0 ) (1280 -768 0 ) (1280 -768 -128 ) 
4 229 232 (1280 -1024 -128 ) (1280 -768 -128 ) (1344 -768 -128 ) (1344 -1024 -128 ) 
4 230 241 (1280 0 -192 ) (1280 0 -512 ) (1280 -384 -512 ) (1280 -384 -192 ) 
4 230 238 (1280 -384 -128 ) (1280 0 -128 ) (1280 0 -192 ) (1280 -384 -192 ) 
4 230 231 (1280 -384 -512 ) (1280 0 -512 ) (1344 0 -512 ) (1344 -384 -512 ) 
4 231 247 (1280 -416 -5120 ) (1280 -768 -5120 ) (1280 -768 -512 ) (1280 -416 -512 ) 
4 231 242 (1280 0 -512 ) (1280 0 -5120 ) (1280 -416 -5120 ) (1280 -416 -512 ) 
4 231 232 (1280 -768 -5120 ) (1344 -768 -5120 ) (1344 -768 -512 ) (1280 -768 -512 ) 
4 232 292 (1344 -1024 -5120 ) (1344 -1024 -128 ) (1280 -1024 -128 ) (1280 -1024 -5120 ) 
4 232 248 (1280 -1024 -5120 ) (1280 -1024 -128 ) (1280 -768 -128 ) (1280 -768 -5120 ) 
4 233 249 (1152 0 4096 ) (1152 0 512 ) (1152 -416 512 ) (1152 -416 4096 ) 
4 233 243 (1152 -416 4096 ) (1152 -416 512 ) (1280 -416 512 ) (1280 -416 4096 ) 
4 233 234 (1152 -384 512 ) (1152 0 512 ) (1280 0 512 ) (1280 -384 512 ) 
4 234 250 (1152 0 512 ) (1152 0 384 ) (1152 -384 384 ) (1152 -384 512 ) 
4 234 235 (1152 -384 384 ) (1152 0 384 ) (1280 0 384 ) (1280 -384 384 ) 
4 235 250 (1152 0 384 ) (1152 0 256 ) (1152 -384 256 ) (1152 -384 384 ) 
4 235 237 (1152 -384 256 ) (1152 0 256 ) (1280 0 256 ) (1280 -384 256 ) 
4 235 236 (1152 -384 256 ) (1280 -384 256 ) (1280 -384 384 ) (1152 -384 384 ) 
4 236 245 (1152 -416 384 ) (1152 -416 256 ) (1280 -416 256 ) (1280 -416 384 ) 
4 237 250 (1152 0 256 ) (1152 0 64 ) (1152 -384 64 ) (1152 -384 256 ) 
4 237 238 (1152 -384 64 ) (1152 0 64 ) (1280 0 64 ) (1280 -384 64 ) 
4 238 253 (1152 0 -128 ) (1152 0 -192 ) (1152 -384 -192 ) (1152 -384 -128 ) 
4 238 250 (1152 0 64 ) (1152 0 -128 ) (1152 -384 -128 ) (1152 -384 64 ) 
4 238 241 (1152 -384 -192 ) (1152 0 -192 ) (1280 0 -192 ) (1280 -384 -192 ) 
4 238 240 (1184 -384 -192 ) (1248 -384 -192 ) (1248 -384 -128 ) (1184 -384 -128 ) 
4 238 239 (1248 -384 64 ) (1184 -384 64 ) (1184 -384 0 ) (1248 -384 0 ) 
4 241 253 (1152 0 -192 ) (1152 0 -512 ) (1152 -384 -512 ) (1152 -384 -192 ) 
4 241 242 (1152 -384 -512 ) (1152 0 -512 ) (1280 0 -512 ) (1280 -384 -512 ) 
4 242 254 (1152 -384 -5120 ) (1152 -416 -5120 ) (1152 -416 -512 ) (1152 -384 -512 ) 
4 242 253 (1152 0 -512 ) (1152 0 -5120 ) (1152 -384 -5120 ) (1152 -384 -512 ) 
4 242 247 (1152 -416 -512 ) (1152 -416 -5120 ) (1280 -416 -5120 ) (1280 -416 -512 ) 
4 243 292 (1280 -1024 512 ) (1280 -1024 4096 ) (1152 -1024 4096 ) (1152 -1024 512 ) 
4 243 249 (1152 -1024 512 ) (1152 -1024 4096 ) (1152 -416 4096 ) (1152 -416 512 ) 
4 243 244 (1152 -1024 512 ) (1152 -768 512 ) (1280 -768 512 ) (1280 -1024 512 ) 
4 244 292 (1280 -1024 384 ) (1280 -1024 512 ) (1152 -1024 512 ) (1152 -1024 384 ) 
4 244 251 (1152 -1024 384 ) (1152 -1024 512 ) (1152 -768 512 ) (1152 -768 384 ) 
4 244 246 (1152 -1024 384 ) (1152 -768 384 ) (1280 -768 384 ) (1280 -1024 384 ) 
4 246 292 (1280 -1024 256 ) (1280 -1024 384 ) (1152 -1024 384 ) (1152 -1024 256 ) 
4 246 251 (1152 -1024 256 ) (1152 -1024 384 ) (1152 -768 384 ) (1152 -768 256 ) 
4 246 248 (1152 -1024 256 ) (1152 -768 256 ) (1280 -768 256 ) (1280 -1024 256 ) 
4 247 254 (1152 -416 -512 ) (1152 -416 -5120 ) (1152 -768 -5120 ) (1152 -768 -512 ) 
4 247 248 (1152 -768 -5120 ) (1280 -768 -5120 ) (1280 -768 -512 ) (1152 -768 -512 ) 
4 248 292 (1280 -1024 -5120 ) (1280 -1024 256 ) (1152 -1024 256 ) (1152 -1024 -5120 ) 
4 248 255 (1152 -1024 -5120 ) (1152 -1024 -128 ) (1152 -768 -128 ) (1152 -768 -5120 ) 
4 248 252 (1152 -1024 -128 ) (1152 -1024 0 ) (1152 -768 0 ) (1152 -768 -128 ) 
4 248 251 (1152 -1024 0 ) (1152 -1024 256 ) (1152 -768 256 ) (1152 -768 0 ) 
4 249 292 (1152 -1024 512 ) (1152 -1024 4096 ) (1024 -1024 4096 ) (1024 -1024 512 ) 
4 249 256 (1024 0 4096 ) (1024 0 512 ) (1024 -768 512 ) (1024 -768 4096 ) 
4 249 258 (1024 -768 512 ) (1024 -1024 512 ) (1024 -1024 4096 ) (1024 -768 4096 ) 
4 249 251 (1024 -1024 512 ) (1024 -768 512 ) (1152 -768 512 ) (1152 -1024 512 ) 
4 249 250 (1024 -384 512 ) (1024 0 512 ) (1152 0 512 ) (1152 -384 512 ) 
4 250 257 (1024 0 512 ) (1024 0 -128 ) (1024 -384 -128 ) (1024 -384 512 ) 
4 250 253 (1024 0 -128 ) (1152 0 -128 ) (1152 -384 -128 ) (1024 -384 -128 ) 
4 251 292 (1152 -1024 0 ) (1152 -1024 512 ) (1024 -1024 512 ) (1024 -1024 0 ) 
4 251 258 (1024 -1024 0 ) (1024 -1024 512 ) (1024 -768 512 ) (1024 -768 0 ) 
4 251 252 (1024 -1024 0 ) (1024 -768 0 ) (1152 -768 0 ) (1152 -1024 0 ) 
4 252 292 (1152 -1024 -128 ) (1152 -1024 0 ) (1024 -1024 0 ) (1024 -1024 -128 ) 
4 252 258 (1024 -768 -128 ) (1024 -1024 -128 ) (1024 -1024 0 ) (1024 -768 0 ) 
4 252 255 (1152 -768 -128 ) (1152 -1024 -128 ) (1024 -1024 -128 ) (1024 -768 -128 ) 
4 253 278 (1024 0 -512 ) (1024 0 -5120 ) (1024 -384 -5120 ) (1024 -384 -512 ) 
4 253 271 (1024 0 -192 ) (1024 0 -384 ) (1024 -384 -384 ) (1024 -384 -192 ) 
4 253 263 (1024 0 -128 ) (1024 0 -192 ) (1024 -384 -192 ) (1024 -384 -128 ) 
4 253 254 (1152 -384 -5120 ) (1152 -384 -512 ) (1024 -384 -512 ) (1024 -384 -5120 ) 
4 254 278 (1024 -384 -512 ) (1024 -384 -5120 ) (1024 -768 -5120 ) (1024 -768 -512 ) 
4 254 255 (1024 -768 -5120 ) (1152 -768 -5120 ) (1152 -768 -512 ) (1024 -768 -512 ) 
4 255 292 (1152 -1024 -5120 ) (1152 -1024 -128 ) (1024 -1024 -128 ) (1024 -1024 -5120 ) 
4 255 278 (1024 -1024 -5120 ) (1024 -1024 -512 ) (1024 -768 -512 ) (1024 -768 -5120 ) 
4 255 277 (1024 -1024 -512 ) (1024 -1024 -384 ) (1024 -768 -384 ) (1024 -768 -512 ) 
4 255 272 (1024 -1024 -384 ) (1024 -1024 -192 ) (1024 -768 -192 ) (1024 -768 -384 ) 
4 255 265 (1024 -1024 -192 ) (1024 -1024 -128 ) (1024 -768 -128 ) (1024 -768 -192 ) 
4 256 259 (896 0 4096 ) (896 0 512 ) (896 -768 512 ) (896 -768 4096 ) 
4 256 257 (896 -384 512 ) (896 0 512 ) (1024 0 512 ) (1024 -384 512 ) 
4 256 258 (1024 -768 4096 ) (896 -768 4096 ) (896 -768 512 ) (1024 -768 512 ) 
4 257 263 (896 0 -128 ) (1024 0 -128 ) (1024 -384 -128 ) (896 -384 -128 ) 
4 257 261 (896 0 -96 ) (896 0 -128 ) (896 -384 -128 ) (896 -384 -96 ) 
4 257 260 (896 0 512 ) (896 0 -96 ) (896 -384 -96 ) (896 -384 512 ) 
4 258 294 (1024 -1024 -128 ) (1024 -1024 512 ) (896 -1024 512 ) (896 -1024 -128 ) 
4 258 293 (1024 -1024 512 ) (1024 -1024 4096 ) (896 -1024 4096 ) (896 -1024 512 ) 
4 258 265 (1024 -768 -128 ) (1024 -1024 -128 ) (896 -1024 -128 ) (896 -768 -128 ) 
4 258 259 (896 -1024 512 ) (896 -1024 4096 ) (896 -768 4096 ) (896 -768 512 ) 
4 259 293 (640 -1024 4096 ) (640 -1024 512 ) (896 -1024 512 ) (896 -1024 4096 ) 
4 259 266 (640 0 4096 ) (640 0 512 ) (640 -1024 512 ) (640 -1024 4096 ) 
4 259 260 (640 -384 512 ) (640 0 512 ) (896 0 512 ) (896 -384 512 ) 
4 260 268 (640 0 256 ) (640 0 0 ) (640 -384 0 ) (640 -384 256 ) 
4 260 267 (640 0 512 ) (640 0 256 ) (640 -384 256 ) (640 -384 512 ) 
4 260 261 (640 -384 -96 ) (640 0 -96 ) (896 0 -96 ) (896 -384 -96 ) 
4 261 263 (640 -384 -128 ) (640 0 -128 ) (896 0 -128 ) (896 -384 -128 ) 
4 262 263 (640 -480 -128 ) (640 -416 -128 ) (896 -416 -128 ) (896 -480 -128 ) 
4 263 273 (896 -640 -192 ) (640 -640 -192 ) (640 0 -192 ) (896 0 -192 ) 
4 263 271 (1024 0 -192 ) (1024 -640 -192 ) (896 -640 -192 ) (896 0 -192 ) 
4 263 264 (864 -640 -128 ) (800 -640 -128 ) (800 -640 -192 ) (864 -640 -192 ) 
4 265 294 (1024 -1024 -192 ) (1024 -1024 -128 ) (896 -1024 -128 ) (896 -1024 -192 ) 
4 265 272 (1024 -768 -192 ) (1024 -1024 -192 ) (896 -1024 -192 ) (896 -768 -192 ) 
4 266 293 (0 -1024 4096 ) (0 -1024 512 ) (640 -1024 512 ) (640 -1024 4096 ) 
4 266 288 (0 -1024 512 ) (0 -1024 4096 ) (0 0 4096 ) (0 0 512 ) 
4 266 267 (640 0 512 ) (640 -384 512 ) (512 -384 512 ) (512 0 512 ) 
4 267 268 (512 0 256 ) (640 0 256 ) (640 -384 256 ) (512 -384 256 ) 
4 268 269 (512 -224 256 ) (512 -160 256 ) (512 -160 192 ) (512 -224 192 ) 
4 271 273 (896 0 -384 ) (896 -640 -384 ) (896 -640 -192 ) (896 0 -192 ) 
4 272 294 (1024 -1024 -384 ) (1024 -1024 -192 ) (896 -1024 -192 ) (896 -1024 -384 ) 
4 272 277 (1024 -1024 -384 ) (896 -1024 -384 ) (896 -768 -384 ) (1024 -768 -384 ) 
4 273 274 (640 -96 -384 ) (640 -288 -384 ) (640 -288 -192 ) (640 -96 -192 ) 
4 273 276 (640 -416 -384 ) (640 -544 -384 ) (640 -544 -192 ) (640 -416 -192 ) 
4 274 275 (544 -96 -192 ) (544 -96 -384 ) (544 -288 -384 ) (544 -288 -192 ) 
4 275 276 (416 -416 -192 ) (416 -416 -384 ) (544 -416 -384 ) (544 -416 -192 ) 
4 277 294 (1024 -1024 -512 ) (1024 -1024 -384 ) (896 -1024 -384 ) (896 -1024 -512 ) 
4 277 278 (1024 -1024 -512 ) (896 -1024 -512 ) (896 -768 -512 ) (1024 -768 -512 ) 
4 278 294 (1024 -1024 -5120 ) (1024 -1024 -512 ) (896 -1024 -512 ) (896 -1024 -5120 ) 
4 278 279 (896 -1024 -5120 ) (896 -1024 -1280 ) (896 -256 -1280 ) (896 -256 -5120 ) 
4 279 294 (896 -1024 -5120 ) (896 -1024 -1280 ) (512 -1024 -1280 ) (512 -1024 -5120 ) 
4 280 288 (0 0 512 ) (0 0 4096 ) (-768 0 4096 ) (-768 0 512 ) 
4 280 286 (-768 0 256 ) (-768 0 4096 ) (-768 1024 4096 ) (-768 1024 256 ) 
4 280 283 (-768 640 256 ) (-768 1024 256 ) (-32 1024 256 ) (-32 640 256 ) 
4 280 281 (-32 1024 256 ) (0 1024 256 ) (0 640 256 ) (-32 640 256 ) 
4 281 284 (-32 640 -384 ) (-32 1024 -384 ) (0 1024 -384 ) (0 640 -384 ) 
4 281 283 (-32 1024 -384 ) (-32 640 -384 ) (-32 640 256 ) (-32 1024 256 ) 
4 283 287 (-768 640 256 ) (-768 1024 256 ) (-768 1024 -384 ) (-768 640 -384 ) 
4 283 284 (-768 640 -384 ) (-768 1024 -384 ) (-32 1024 -384 ) (-32 640 -384 ) 
4 284 287 (-768 640 -384 ) (-768 1024 -384 ) (-768 1024 -1280 ) (-768 640 -1280 ) 
4 284 285 (-768 640 -1280 ) (-768 1024 -1280 ) (0 1024 -1280 ) (0 640 -1280 ) 
4 285 287 (-768 256 -1280 ) (-768 1024 -1280 ) (-768 1024 -5120 ) (-768 256 -5120 ) 
4 286 289 (-1024 0 256 ) (-1024 0 4096 ) (-1024 1024 4096 ) (-1024 1024 256 ) 
4 286 288 (-768 0 512 ) (-768 0 4096 ) (-1024 0 4096 ) (-1024 0 512 ) 
4 286 287 (-1024 1024 256 ) (-768 1024 256 ) (-768 256 256 ) (-1024 256 256 ) 
4 287 290 (-1024 256 256 ) (-1024 1024 256 ) (-1024 1024 -5120 ) (-1024 256 -5120 ) 
4 288 297 (0 -1024 512 ) (0 -1024 4096 ) (-1024 -1024 4096 ) (-1024 -1024 512 ) 
4 288 291 (-1024 -1024 512 ) (-1024 -1024 4096 ) (-1024 0 4096 ) (-1024 0 512 ) 
4 289 291 (-1024 0 512 ) (-1024 0 4096 ) (-1792 0 4096 ) (-1792 0 512 ) 
4 289 290 (-1792 256 256 ) (-1792 1024 256 ) (-1024 1024 256 ) (-1024 256 256 ) 
4 291 298 (-1024 -1024 512 ) (-1024 -1024 4096 ) (-1792 -1024 4096 ) (-1792 -1024 512 ) 
4 292 295 (2048 -2048 -512 ) (2048 -2048 4096 ) (1024 -2048 4096 ) (1024 -2048 -512 ) 
4 292 294 (1024 -1024 512 ) (1024 -1024 -5120 ) (1024 -2048 -5120 ) (1024 -2048 512 ) 
4 292 293 (1024 -1024 4096 ) (1024 -1024 512 ) (1024 -2048 512 ) (1024 -2048 4096 ) 
4 293 297 (0 -1024 4096 ) (0 -1024 512 ) (0 -2048 512 ) (0 -2048 4096 ) 
4 293 296 (1024 -2048 512 ) (1024 -2048 4096 ) (512 -2048 4096 ) (512 -2048 512 ) 
4 293 294 (1024 -2048 512 ) (512 -2048 512 ) (512 -1024 512 ) (1024 -1024 512 ) 
4 294 296 (1024 -2048 -512 ) (1024 -2048 512 ) (512 -2048 512 ) (512 -2048 -512 ) 
4 295 296 (1024 -2560 -512 ) (1024 -2560 4096 ) (1024 -2048 4096 ) (1024 -2048 -512 ) 
4 297 298 (-1024 -1024 4096 ) (-1024 -1024 512 ) (-1024 -2048 512 ) (-1024 -2048 4096 ) 
