


materialPath: D:\Steam\steamapps\common\Portal 2\portal2\materials
Loading d:\steam\steamapps\common\portal 2\sdk_content\maps\birthday-map\sp_a4_birthday_map\puzzle0.vmf
ConVarRef gpu_level doesn't point to an existing ConVar
fixing up env_cubemap materials on brush sides...
0...1...2...3...4...5...6...7...8...9...100...1...2...3...4...5...6...7...8...9...10Processing areas...done (0)
Building Faces...done (0)
Chop Details...done (0)
Find Visible Detail Sides...
Merged 88 detail faces...done (0)
Merging details...done (0)
FixTjuncs...
PruneNodes...
WriteBSP...
done (0)
writing d:\steam\steamapps\common\portal 2\sdk_content\maps\birthday-map\sp_a4_birthday_map\puzzle0.prt...Building visibility clusters...
done (0)
Finding displacement neighbors...
Finding lightmap sample positions...
Displacement Alpha : 0...1...2...3...4...5...6...7...8...9...10
Building Physics collision data...
done (1) (84740 bytes)
Placing detail props : 0...1...2...3...4...5...6...7...8...9...10
Water found with no water_lod_control entity, creating a default one.
Compacting texture/material tables...
Reduced 147 texinfos to 72
Reduced 31 texdatas to 27 (974 bytes to 810)
Writing d:\steam\steamapps\common\portal 2\sdk_content\maps\birthday-map\sp_a4_birthday_map\puzzle0.bsp

nummapplanes:     (  1832 / 65536 )
nummapbrushes:    (   242 /  8192 )
nummapbrushsides: (  2141 / 65536 )
num_map_overlays: (    27 /   512 )
nummodels:        (     8 /  1024 )
num_entities:     (    69 / 16384 )

1 second elapsed



4 threads
reading d:\steam\steamapps\common\portal 2\sdk_content\maps\birthday-map\sp_a4_birthday_map\puzzle0.bsp
reading d:\steam\steamapps\common\portal 2\sdk_content\maps\birthday-map\sp_a4_birthday_map\puzzle0.prt
  25 portalclusters
  45 numportals
0...1...2...3...4...5...6...7...8...9...100...1...2...3...4...5...6...7...8...9...10Optimized: 0 visible clusters (0.00%)
Total clusters visible: 471
Average clusters visible: 18
Building PAS...
Average clusters audible: 25
visdatasize:407  compressed from 400
writing d:\steam\steamapps\common\portal 2\sdk_content\maps\birthday-map\sp_a4_birthday_map\puzzle0.bsp
0 seconds elapsed



materialPath: D:\Steam\steamapps\common\Portal 2\portal2\materials
Loading d:\steam\steamapps\common\portal 2\sdk_content\maps\birthday-map\sp_a4_birthday_map\puzzle0.vmf
ConVarRef gpu_level doesn't point to an existing ConVar
fixing up env_cubemap materials on brush sides...
0...1...2...3...4...5...6...7...8...9...100...1...2...3...4...5...6...7...8...9...10Processing areas...done (0)
Building Faces...done (0)
Chop Details...done (0)
Find Visible Detail Sides...
Merged 88 detail faces...done (0)
Merging details...done (0)
FixTjuncs...
PruneNodes...
WriteBSP...
done (0)
writing d:\steam\steamapps\common\portal 2\sdk_content\maps\birthday-map\sp_a4_birthday_map\puzzle0.prt...Building visibility clusters...
done (0)
Finding displacement neighbors...
Finding lightmap sample positions...
Displacement Alpha : 0...1...2...3...4...5...6...7...8...9...10
Building Physics collision data...
done (1) (84740 bytes)
Placing detail props : 0...1...2...3...4...5...6...7...8...9...10
Water found with no water_lod_control entity, creating a default one.
Compacting texture/material tables...
Reduced 147 texinfos to 72
Reduced 31 texdatas to 27 (974 bytes to 810)
Writing d:\steam\steamapps\common\portal 2\sdk_content\maps\birthday-map\sp_a4_birthday_map\puzzle0.bsp

nummapplanes:     (  1832 / 65536 )
nummapbrushes:    (   242 /  8192 )
nummapbrushsides: (  2141 / 65536 )
num_map_overlays: (    27 /   512 )
nummodels:        (     8 /  1024 )
num_entities:     (    69 / 16384 )

1 second elapsed



4 threads
reading d:\steam\steamapps\common\portal 2\sdk_content\maps\birthday-map\sp_a4_birthday_map\puzzle0.bsp
reading d:\steam\steamapps\common\portal 2\sdk_content\maps\birthday-map\sp_a4_birthday_map\puzzle0.prt
  25 portalclusters
  45 numportals
0...1...2...3...4...5...6...7...8...9...100...1...2...3...4...5...6...7...8...9...10Optimized: 0 visible clusters (0.00%)
Total clusters visible: 471
Average clusters visible: 18
Building PAS...
Average clusters audible: 25
visdatasize:407  compressed from 400
writing d:\steam\steamapps\common\portal 2\sdk_content\maps\birthday-map\sp_a4_birthday_map\puzzle0.bsp
0 seconds elapsed



materialPath: D:\Steam\steamapps\common\Portal 2\portal2\materials
Loading d:\steam\steamapps\common\portal 2\sdk_content\maps\birthday-map\sp_a4_birthday_map\puzzle0.vmf
ConVarRef gpu_level doesn't point to an existing ConVar
fixing up env_cubemap materials on brush sides...
0...1...2...3...4...5...6...7...8...9...100...1...2...3...4...5...6...7...8...9...10Processing areas...done (0)
Building Faces...done (0)
Chop Details...done (0)
Find Visible Detail Sides...
Merged 88 detail faces...done (0)
Merging details...done (0)
FixTjuncs...
PruneNodes...
WriteBSP...
done (0)
writing d:\steam\steamapps\common\portal 2\sdk_content\maps\birthday-map\sp_a4_birthday_map\puzzle0.prt...Building visibility clusters...
done (0)
Finding displacement neighbors...
Finding lightmap sample positions...
Displacement Alpha : 0...1...2...3...4...5...6...7...8...9...10
Building Physics collision data...
done (0) (84740 bytes)
Placing detail props : 0...1...2...3...4...5...6...7...8...9...10
Water found with no water_lod_control entity, creating a default one.
Compacting texture/material tables...
Reduced 147 texinfos to 72
Reduced 31 texdatas to 27 (974 bytes to 810)
Writing d:\steam\steamapps\common\portal 2\sdk_content\maps\birthday-map\sp_a4_birthday_map\puzzle0.bsp

nummapplanes:     (  1832 / 65536 )
nummapbrushes:    (   242 /  8192 )
nummapbrushsides: (  2141 / 65536 )
num_map_overlays: (    27 /   512 )
nummodels:        (     8 /  1024 )
num_entities:     (    69 / 16384 )

0 seconds elapsed



4 threads
reading d:\steam\steamapps\common\portal 2\sdk_content\maps\birthday-map\sp_a4_birthday_map\puzzle0.bsp
reading d:\steam\steamapps\common\portal 2\sdk_content\maps\birthday-map\sp_a4_birthday_map\puzzle0.prt
  25 portalclusters
  45 numportals
0...1...2...3...4...5...6...7...8...9...100...1...2...3...4...5...6...7...8...9...10Optimized: 0 visible clusters (0.00%)
Total clusters visible: 471
Average clusters visible: 18
Building PAS...
Average clusters audible: 25
visdatasize:407  compressed from 400
writing d:\steam\steamapps\common\portal 2\sdk_content\maps\birthday-map\sp_a4_birthday_map\puzzle0.bsp
0 seconds elapsed



materialPath: D:\Steam\steamapps\common\Portal 2\portal2\materials
Loading d:\steam\steamapps\common\portal 2\sdk_content\maps\birthday-map\sp_a4_birthday_map\puzzle0.vmf
ConVarRef gpu_level doesn't point to an existing ConVar
fixing up env_cubemap materials on brush sides...
0...1...2...3...4...5...6...7...8...9...100...1...2...3...4...5...6...7...8...9...10Processing areas...done (0)
Building Faces...done (0)
Chop Details...done (0)
Find Visible Detail Sides...
Merged 88 detail faces...done (0)
Merging details...done (0)
FixTjuncs...
PruneNodes...
WriteBSP...
done (0)
writing d:\steam\steamapps\common\portal 2\sdk_content\maps\birthday-map\sp_a4_birthday_map\puzzle0.prt...Building visibility clusters...
done (0)
Finding displacement neighbors...
Finding lightmap sample positions...
Displacement Alpha : 0...1...2...3...4...5...6...7...8...9...10
Building Physics collision data...
done (1) (84740 bytes)
Placing detail props : 0...1...2...3...4...5...6...7...8...9...10
Water found with no water_lod_control entity, creating a default one.
Compacting texture/material tables...
Reduced 147 texinfos to 72
Reduced 31 texdatas to 27 (974 bytes to 810)
Writing d:\steam\steamapps\common\portal 2\sdk_content\maps\birthday-map\sp_a4_birthday_map\puzzle0.bsp

nummapplanes:     (  1832 / 65536 )
nummapbrushes:    (   242 /  8192 )
nummapbrushsides: (  2141 / 65536 )
num_map_overlays: (    27 /   512 )
nummodels:        (     8 /  1024 )
num_entities:     (    69 / 16384 )

1 second elapsed



4 threads
reading d:\steam\steamapps\common\portal 2\sdk_content\maps\birthday-map\sp_a4_birthday_map\puzzle0.bsp
reading d:\steam\steamapps\common\portal 2\sdk_content\maps\birthday-map\sp_a4_birthday_map\puzzle0.prt
  25 portalclusters
  45 numportals
0...1...2...3...4...5...6...7...8...9...100...1...2...3...4...5...6...7...8...9...10Optimized: 0 visible clusters (0.00%)
Total clusters visible: 471
Average clusters visible: 18
Building PAS...
Average clusters audible: 25
visdatasize:407  compressed from 400
writing d:\steam\steamapps\common\portal 2\sdk_content\maps\birthday-map\sp_a4_birthday_map\puzzle0.bsp
0 seconds elapsed



materialPath: D:\Steam\steamapps\common\Portal 2\portal2\materials
Loading d:\steam\steamapps\common\portal 2\sdk_content\maps\birthday-map\sp_a4_birthday_map\puzzle0.vmf
ConVarRef gpu_level doesn't point to an existing ConVar
fixing up env_cubemap materials on brush sides...
0...1...2...3...4...5...6...7...8...9...100...1...2...3...4...5...6...7...8...9...10Processing areas...done (0)
Building Faces...done (0)
Chop Details...done (0)
Find Visible Detail Sides...
Merged 88 detail faces...done (0)
Merging details...done (0)
FixTjuncs...
PruneNodes...
WriteBSP...
done (0)
writing d:\steam\steamapps\common\portal 2\sdk_content\maps\birthday-map\sp_a4_birthday_map\puzzle0.prt...Building visibility clusters...
done (0)
Finding displacement neighbors...
Finding lightmap sample positions...
Displacement Alpha : 0...1...2...3...4...5...6...7...8...9...10
Building Physics collision data...
done (0) (84740 bytes)
Placing detail props : 0...1...2...3...4...5...6...7...8...9...10
Water found with no water_lod_control entity, creating a default one.
Compacting texture/material tables...
Reduced 147 texinfos to 72
Reduced 31 texdatas to 27 (974 bytes to 810)
Writing d:\steam\steamapps\common\portal 2\sdk_content\maps\birthday-map\sp_a4_birthday_map\puzzle0.bsp

nummapplanes:     (  1832 / 65536 )
nummapbrushes:    (   242 /  8192 )
nummapbrushsides: (  2141 / 65536 )
num_map_overlays: (    27 /   512 )
nummodels:        (     8 /  1024 )
num_entities:     (    69 / 16384 )

1 second elapsed



4 threads
reading d:\steam\steamapps\common\portal 2\sdk_content\maps\birthday-map\sp_a4_birthday_map\puzzle0.bsp
reading d:\steam\steamapps\common\portal 2\sdk_content\maps\birthday-map\sp_a4_birthday_map\puzzle0.prt
  25 portalclusters
  45 numportals
0...1...2...3...4...5...6...7...8...9...100...1...2...3...4...5...6...7...8...9...10Optimized: 0 visible clusters (0.00%)
Total clusters visible: 471
Average clusters visible: 18
Building PAS...
Average clusters audible: 25
visdatasize:407  compressed from 400
writing d:\steam\steamapps\common\portal 2\sdk_content\maps\birthday-map\sp_a4_birthday_map\puzzle0.bsp
0 seconds elapsed



materialPath: D:\Steam\steamapps\common\Portal 2\portal2\materials
Loading d:\steam\steamapps\common\portal 2\sdk_content\maps\birthday-map\sp_a4_birthday_map\puzzle0.vmf
ConVarRef gpu_level doesn't point to an existing ConVar
fixing up env_cubemap materials on brush sides...
0...1...2...3...4...5...6...7...8...9...100...1...2...3...4...5...6...7...8...9...10Processing areas...done (0)
Building Faces...done (0)
Chop Details...done (0)
Find Visible Detail Sides...
Merged 88 detail faces...done (0)
Merging details...done (0)
FixTjuncs...
PruneNodes...
WriteBSP...
done (0)
writing d:\steam\steamapps\common\portal 2\sdk_content\maps\birthday-map\sp_a4_birthday_map\puzzle0.prt...Building visibility clusters...
done (0)
Finding displacement neighbors...
Finding lightmap sample positions...
Displacement Alpha : 0...1...2...3...4...5...6...7...8...9...10
Building Physics collision data...
done (0) (84740 bytes)
Placing detail props : 0...1...2...3...4...5...6...7...8...9...10
Water found with no water_lod_control entity, creating a default one.
Compacting texture/material tables...
Reduced 147 texinfos to 72
Reduced 31 texdatas to 27 (974 bytes to 810)
Writing d:\steam\steamapps\common\portal 2\sdk_content\maps\birthday-map\sp_a4_birthday_map\puzzle0.bsp

nummapplanes:     (  1832 / 65536 )
nummapbrushes:    (   242 /  8192 )
nummapbrushsides: (  2141 / 65536 )
num_map_overlays: (    27 /   512 )
nummodels:        (     8 /  1024 )
num_entities:     (    69 / 16384 )

0 seconds elapsed



4 threads
reading d:\steam\steamapps\common\portal 2\sdk_content\maps\birthday-map\sp_a4_birthday_map\puzzle0.bsp
reading d:\steam\steamapps\common\portal 2\sdk_content\maps\birthday-map\sp_a4_birthday_map\puzzle0.prt
  25 portalclusters
  45 numportals
0...1...2...3...4...5...6...7...8...9...100...1...2...3...4...5...6...7...8...9...10Optimized: 0 visible clusters (0.00%)
Total clusters visible: 471
Average clusters visible: 18
Building PAS...
Average clusters audible: 25
visdatasize:407  compressed from 400
writing d:\steam\steamapps\common\portal 2\sdk_content\maps\birthday-map\sp_a4_birthday_map\puzzle0.bsp
0 seconds elapsed



materialPath: D:\Steam\steamapps\common\Portal 2\portal2\materials
Loading d:\steam\steamapps\common\portal 2\sdk_content\maps\birthday-map\sp_a4_birthday_map\puzzle0.vmf
ConVarRef gpu_level doesn't point to an existing ConVar
fixing up env_cubemap materials on brush sides...
0...1...2...3...4...5...6...7...8...9...100...1...2...3...4...5...6...7...8...9...10Processing areas...done (0)
Building Faces...done (0)
Chop Details...done (0)
Find Visible Detail Sides...
Merged 88 detail faces...done (0)
Merging details...done (0)
FixTjuncs...
PruneNodes...
WriteBSP...
done (0)
writing d:\steam\steamapps\common\portal 2\sdk_content\maps\birthday-map\sp_a4_birthday_map\puzzle0.prt...Building visibility clusters...
done (0)
Finding displacement neighbors...
Finding lightmap sample positions...
Displacement Alpha : 0...1...2...3...4...5...6...7...8...9...10
Building Physics collision data...
done (0) (84740 bytes)
Placing detail props : 0...1...2...3...4...5...6...7...8...9...10
Water found with no water_lod_control entity, creating a default one.
Compacting texture/material tables...
Reduced 147 texinfos to 72
Reduced 31 texdatas to 27 (974 bytes to 810)
Writing d:\steam\steamapps\common\portal 2\sdk_content\maps\birthday-map\sp_a4_birthday_map\puzzle0.bsp

nummapplanes:     (  1832 / 65536 )
nummapbrushes:    (   242 /  8192 )
nummapbrushsides: (  2141 / 65536 )
num_map_overlays: (    27 /   512 )
nummodels:        (     8 /  1024 )
num_entities:     (    69 / 16384 )

1 second elapsed



4 threads
reading d:\steam\steamapps\common\portal 2\sdk_content\maps\birthday-map\sp_a4_birthday_map\puzzle0.bsp
reading d:\steam\steamapps\common\portal 2\sdk_content\maps\birthday-map\sp_a4_birthday_map\puzzle0.prt
  25 portalclusters
  45 numportals
0...1...2...3...4...5...6...7...8...9...100...1...2...3...4...5...6...7...8...9...10Optimized: 0 visible clusters (0.00%)
Total clusters visible: 471
Average clusters visible: 18
Building PAS...
Average clusters audible: 25
visdatasize:407  compressed from 400
writing d:\steam\steamapps\common\portal 2\sdk_content\maps\birthday-map\sp_a4_birthday_map\puzzle0.bsp
0 seconds elapsed



materialPath: D:\Steam\steamapps\common\Portal 2\portal2\materials
Loading d:\steam\steamapps\common\portal 2\sdk_content\maps\birthday-map\sp_a4_birthday_map\puzzle0.vmf
ConVarRef gpu_level doesn't point to an existing ConVar
fixing up env_cubemap materials on brush sides...
0...1...2...3...4...5...6...7...8...9...100...1...2...3...4...5...6...7...8...9...10Processing areas...done (0)
Building Faces...done (0)
Chop Details...done (0)
Find Visible Detail Sides...
Merged 88 detail faces...done (0)
Merging details...done (0)
FixTjuncs...
PruneNodes...
WriteBSP...
done (0)
writing d:\steam\steamapps\common\portal 2\sdk_content\maps\birthday-map\sp_a4_birthday_map\puzzle0.prt...Building visibility clusters...
done (0)
Finding displacement neighbors...
Finding lightmap sample positions...
Displacement Alpha : 0...1...2...3...4...5...6...7...8...9...10
Building Physics collision data...
done (0) (84740 bytes)
Placing detail props : 0...1...2...3...4...5...6...7...8...9...10
Water found with no water_lod_control entity, creating a default one.
Compacting texture/material tables...
Reduced 147 texinfos to 72
Reduced 31 texdatas to 27 (974 bytes to 810)
Writing d:\steam\steamapps\common\portal 2\sdk_content\maps\birthday-map\sp_a4_birthday_map\puzzle0.bsp

nummapplanes:     (  1832 / 65536 )
nummapbrushes:    (   242 /  8192 )
nummapbrushsides: (  2141 / 65536 )
num_map_overlays: (    27 /   512 )
nummodels:        (     8 /  1024 )
num_entities:     (    69 / 16384 )

1 second elapsed



4 threads
reading d:\steam\steamapps\common\portal 2\sdk_content\maps\birthday-map\sp_a4_birthday_map\puzzle0.bsp
reading d:\steam\steamapps\common\portal 2\sdk_content\maps\birthday-map\sp_a4_birthday_map\puzzle0.prt
  25 portalclusters
  45 numportals
0...1...2...3...4...5...6...7...8...9...100...1...2...3...4...5...6...7...8...9...10Optimized: 0 visible clusters (0.00%)
Total clusters visible: 471
Average clusters visible: 18
Building PAS...
Average clusters audible: 25
visdatasize:407  compressed from 400
writing d:\steam\steamapps\common\portal 2\sdk_content\maps\birthday-map\sp_a4_birthday_map\puzzle0.bsp
0 seconds elapsed



materialPath: D:\Steam\steamapps\common\Portal 2\portal2\materials
Loading d:\steam\steamapps\common\portal 2\sdk_content\maps\birthday-map\sp_a4_birthday_map\puzzle0.vmf
ConVarRef gpu_level doesn't point to an existing ConVar
fixing up env_cubemap materials on brush sides...
0...1...2...3...4...5...6...7...8...9...100...1...2...3...4...5...6...7...8...9...10Processing areas...done (0)
Building Faces...done (0)
Chop Details...done (0)
Find Visible Detail Sides...
Merged 88 detail faces...done (0)
Merging details...done (0)
FixTjuncs...
PruneNodes...
WriteBSP...
done (0)
writing d:\steam\steamapps\common\portal 2\sdk_content\maps\birthday-map\sp_a4_birthday_map\puzzle0.prt...Building visibility clusters...
done (0)
Finding displacement neighbors...
Finding lightmap sample positions...
Displacement Alpha : 0...1...2...3...4...5...6...7...8...9...10
Building Physics collision data...
done (0) (84740 bytes)
Placing detail props : 0...1...2...3...4...5...6...7...8...9...10
Water found with no water_lod_control entity, creating a default one.
Compacting texture/material tables...
Reduced 147 texinfos to 72
Reduced 31 texdatas to 27 (974 bytes to 810)
Writing d:\steam\steamapps\common\portal 2\sdk_content\maps\birthday-map\sp_a4_birthday_map\puzzle0.bsp

nummapplanes:     (  1832 / 65536 )
nummapbrushes:    (   242 /  8192 )
nummapbrushsides: (  2141 / 65536 )
num_map_overlays: (    27 /   512 )
nummodels:        (     8 /  1024 )
num_entities:     (    69 / 16384 )

0 seconds elapsed



4 threads
reading d:\steam\steamapps\common\portal 2\sdk_content\maps\birthday-map\sp_a4_birthday_map\puzzle0.bsp
reading d:\steam\steamapps\common\portal 2\sdk_content\maps\birthday-map\sp_a4_birthday_map\puzzle0.prt
  25 portalclusters
  45 numportals
0...1...2...3...4...5...6...7...8...9...100...1...2...3...4...5...6...7...8...9...10Optimized: 0 visible clusters (0.00%)
Total clusters visible: 471
Average clusters visible: 18
Building PAS...
Average clusters audible: 25
visdatasize:407  compressed from 400
writing d:\steam\steamapps\common\portal 2\sdk_content\maps\birthday-map\sp_a4_birthday_map\puzzle0.bsp
0 seconds elapsed



materialPath: D:\Steam\steamapps\common\Portal 2\portal2\materials
Loading d:\steam\steamapps\common\portal 2\sdk_content\maps\birthday-map\sp_a4_birthday_map\puzzle0.vmf
ConVarRef gpu_level doesn't point to an existing ConVar
fixing up env_cubemap materials on brush sides...
0...1...2...3...4...5...6...7...8...9...100...1...2...3...4...5...6...7...8...9...10Processing areas...done (0)
Building Faces...done (0)
Chop Details...done (0)
Find Visible Detail Sides...
Merged 88 detail faces...done (0)
Merging details...done (0)
FixTjuncs...
PruneNodes...
WriteBSP...
done (0)
writing d:\steam\steamapps\common\portal 2\sdk_content\maps\birthday-map\sp_a4_birthday_map\puzzle0.prt...Building visibility clusters...
done (0)
Finding displacement neighbors...
Finding lightmap sample positions...
Displacement Alpha : 0...1...2...3...4...5...6...7...8...9...10
Building Physics collision data...
done (0) (84740 bytes)
Placing detail props : 0...1...2...3...4...5...6...7...8...9...10
Water found with no water_lod_control entity, creating a default one.
Compacting texture/material tables...
Reduced 147 texinfos to 72
Reduced 31 texdatas to 27 (974 bytes to 810)
Writing d:\steam\steamapps\common\portal 2\sdk_content\maps\birthday-map\sp_a4_birthday_map\puzzle0.bsp

nummapplanes:     (  1832 / 65536 )
nummapbrushes:    (   242 /  8192 )
nummapbrushsides: (  2141 / 65536 )
num_map_overlays: (    27 /   512 )
nummodels:        (     8 /  1024 )
num_entities:     (    69 / 16384 )

1 second elapsed



4 threads
reading d:\steam\steamapps\common\portal 2\sdk_content\maps\birthday-map\sp_a4_birthday_map\puzzle0.bsp
reading d:\steam\steamapps\common\portal 2\sdk_content\maps\birthday-map\sp_a4_birthday_map\puzzle0.prt
  25 portalclusters
  45 numportals
0...1...2...3...4...5...6...7...8...9...100...1...2...3...4...5...6...7...8...9...10Optimized: 0 visible clusters (0.00%)
Total clusters visible: 471
Average clusters visible: 18
Building PAS...
Average clusters audible: 25
visdatasize:407  compressed from 400
writing d:\steam\steamapps\common\portal 2\sdk_content\maps\birthday-map\sp_a4_birthday_map\puzzle0.bsp
0 seconds elapsed



materialPath: D:\Steam\steamapps\common\Portal 2\portal2\materials
Loading d:\steam\steamapps\common\portal 2\sdk_content\maps\birthday-map\sp_a4_birthday_map\puzzle0.vmf
ConVarRef gpu_level doesn't point to an existing ConVar
fixing up env_cubemap materials on brush sides...
0...1...2...3...4...5...6...7...8...9...100...1...2...3...4...5...6...7...8...9...10Processing areas...done (0)
Building Faces...done (0)
Chop Details...done (0)
Find Visible Detail Sides...
Merged 88 detail faces...done (1)
Merging details...done (0)
FixTjuncs...
PruneNodes...
WriteBSP...
done (0)
writing d:\steam\steamapps\common\portal 2\sdk_content\maps\birthday-map\sp_a4_birthday_map\puzzle0.prt...Building visibility clusters...
done (0)
Finding displacement neighbors...
Finding lightmap sample positions...
Displacement Alpha : 0...1...2...3...4...5...6...7...8...9...10
Building Physics collision data...
done (0) (84740 bytes)
Placing detail props : 0...1...2...3...4...5...6...7...8...9...10
Water found with no water_lod_control entity, creating a default one.
Compacting texture/material tables...
Reduced 147 texinfos to 72
Reduced 31 texdatas to 27 (974 bytes to 810)
Writing d:\steam\steamapps\common\portal 2\sdk_content\maps\birthday-map\sp_a4_birthday_map\puzzle0.bsp

nummapplanes:     (  1832 / 65536 )
nummapbrushes:    (   242 /  8192 )
nummapbrushsides: (  2141 / 65536 )
num_map_overlays: (    27 /   512 )
nummodels:        (     8 /  1024 )
num_entities:     (    69 / 16384 )

3 seconds elapsed



4 threads
reading d:\steam\steamapps\common\portal 2\sdk_content\maps\birthday-map\sp_a4_birthday_map\puzzle0.bsp
reading d:\steam\steamapps\common\portal 2\sdk_content\maps\birthday-map\sp_a4_birthday_map\puzzle0.prt
  25 portalclusters
  45 numportals
0...1...2...3...4...5...6...7...8...9...100...1...2...3...4...5...6...7...8...9...10Optimized: 0 visible clusters (0.00%)
Total clusters visible: 471
Average clusters visible: 18
Building PAS...
Average clusters audible: 25
visdatasize:407  compressed from 400
writing d:\steam\steamapps\common\portal 2\sdk_content\maps\birthday-map\sp_a4_birthday_map\puzzle0.bsp
0 seconds elapsed
