PRT1
59
98
4 0 2 (320 1152 256 ) (192 1152 256 ) (192 1152 128 ) (320 1152 128 ) 
4 1 23 (448 1024 0 ) (448 1024 128 ) (384 1024 128 ) (384 1024 0 ) 
4 1 3 (384 1152 128 ) (384 1152 0 ) (384 1024 0 ) (384 1024 128 ) 
4 2 24 (384 1024 128 ) (384 1024 448 ) (128 1024 448 ) (128 1024 128 ) 
4 2 3 (128 1024 128 ) (128 1152 128 ) (384 1152 128 ) (384 1024 128 ) 
4 3 26 (128 1024 -32 ) (384 1024 -32 ) (384 1024 0 ) (128 1024 0 ) 
4 3 25 (384 1024 0 ) (384 1024 128 ) (128 1024 128 ) (128 1024 0 ) 
4 3 5 (384 1024 -32 ) (128 1024 -32 ) (128 1152 -32 ) (384 1152 -32 ) 
4 3 4 (128 1152 128 ) (128 1152 0 ) (128 1024 0 ) (128 1024 128 ) 
4 4 25 (128 1024 0 ) (128 1024 128 ) (64 1024 128 ) (64 1024 0 ) 
4 5 37 (128 1024 -128 ) (384 1024 -128 ) (384 1024 -32 ) (128 1024 -32 ) 
4 6 50 (512 0 840 ) (512 0 584 ) (576 0 584 ) (576 0 840 ) 
4 6 27 (512 0 584 ) (512 0 840 ) (512 896 840 ) (512 896 584 ) 
4 6 22 (512 896 840 ) (512 960 840 ) (512 960 584 ) (512 896 584 ) 
4 7 9 (640 896 128 ) (640 864 128 ) (640 864 384 ) (640 896 384 ) 
4 8 9 (608 896 128 ) (640 896 128 ) (640 896 384 ) (608 896 384 ) 
4 9 29 (512 896 128 ) (512 640 128 ) (512 640 384 ) (512 896 384 ) 
4 9 30 (512 640 128 ) (512 638 128 ) (512 638 384 ) (512 640 384 ) 
4 9 12 (517 638 382 ) (515 638 382 ) (515 638 130 ) (517 638 130 ) 
4 9 11 (640 638 130 ) (640 638 382 ) (517 638 382 ) (517 638 130 ) 
4 9 13 (515 638 382 ) (512 638 382 ) (512 638 130 ) (515 638 130 ) 
4 9 10 (640 638 382 ) (640 638 384 ) (512 638 384 ) (512 638 382 ) 
4 9 14 (512 638 128 ) (640 638 128 ) (640 638 130 ) (512 638 130 ) 
4 10 30 (512 514 382 ) (512 514 384 ) (512 638 384 ) (512 638 382 ) 
4 10 12 (517 514 382 ) (515 514 382 ) (515 638 382 ) (517 638 382 ) 
4 10 11 (640 514 382 ) (517 514 382 ) (517 638 382 ) (640 638 382 ) 
4 10 13 (515 514 382 ) (512 514 382 ) (512 638 382 ) (515 638 382 ) 
4 10 15 (640 514 382 ) (640 514 384 ) (512 514 384 ) (512 514 382 ) 
4 11 14 (640 514 130 ) (517 514 130 ) (517 638 130 ) (640 638 130 ) 
4 11 15 (640 514 130 ) (640 514 382 ) (517 514 382 ) (517 514 130 ) 
4 11 12 (517 638 130 ) (517 514 130 ) (517 514 382 ) (517 638 382 ) 
4 12 13 (515 638 130 ) (515 514 130 ) (515 514 382 ) (515 638 382 ) 
4 12 14 (517 514 130 ) (515 514 130 ) (515 638 130 ) (517 638 130 ) 
4 12 15 (517 514 382 ) (515 514 382 ) (515 514 130 ) (517 514 130 ) 
4 13 30 (512 514 130 ) (512 514 382 ) (512 638 382 ) (512 638 130 ) 
4 13 15 (515 514 382 ) (512 514 382 ) (512 514 130 ) (515 514 130 ) 
4 13 14 (515 514 130 ) (512 514 130 ) (512 638 130 ) (515 638 130 ) 
4 14 30 (512 638 128 ) (512 514 128 ) (512 514 130 ) (512 638 130 ) 
4 14 15 (512 514 128 ) (640 514 128 ) (640 514 130 ) (512 514 130 ) 
4 15 30 (512 514 128 ) (512 512 128 ) (512 512 384 ) (512 514 384 ) 
4 16 30 (512 480 128 ) (512 352 128 ) (512 352 256 ) (512 480 256 ) 
4 16 17 (608 352 128 ) (512 352 128 ) (512 480 128 ) (608 480 128 ) 
4 17 36 (512 480 0 ) (512 352 0 ) (512 352 128 ) (512 480 128 ) 
4 18 20 (516 288 0 ) (544 288 0 ) (544 288 256 ) (516 288 256 ) 
4 19 20 (832 288 32 ) (832 288 0 ) (832 32 0 ) (832 32 32 ) 
4 20 36 (512 288 0 ) (512 32 0 ) (512 32 128 ) (512 288 128 ) 
4 20 31 (512 32 128 ) (512 32 256 ) (512 64 256 ) (512 64 128 ) 
4 20 30 (512 64 256 ) (512 288 256 ) (512 288 128 ) (512 64 128 ) 
4 20 21 (516 32 0 ) (544 32 0 ) (544 32 256 ) (516 32 256 ) 
4 22 38 (0 896 840 ) (0 960 840 ) (0 960 584 ) (0 896 584 ) 
4 22 27 (512 896 520 ) (512 896 840 ) (0 896 840 ) (0 896 520 ) 
4 23 25 (384 896 0 ) (384 896 128 ) (384 1024 128 ) (384 1024 0 ) 
4 24 29 (384 896 128 ) (384 896 448 ) (128 896 448 ) (128 896 128 ) 
4 24 25 (384 1024 128 ) (384 896 128 ) (128 896 128 ) (128 1024 128 ) 
4 25 26 (128 1024 0 ) (384 1024 0 ) (384 896 0 ) (128 896 0 ) 
4 26 37 (128 1024 -32 ) (384 1024 -32 ) (384 896 -32 ) (128 896 -32 ) 
4 27 51 (0 0 840 ) (0 0 520 ) (512 0 520 ) (512 0 840 ) 
4 27 39 (0 0 584 ) (0 0 840 ) (0 576 840 ) (0 576 584 ) 
4 27 38 (0 576 840 ) (0 896 840 ) (0 896 584 ) (0 576 584 ) 
4 27 28 (0 64 520 ) (0 576 520 ) (512 576 520 ) (512 64 520 ) 
4 28 30 (512 576 512 ) (512 64 512 ) (0 64 512 ) (0 576 512 ) 
4 29 43 (0 832 256 ) (0 640 256 ) (0 640 384 ) (0 832 384 ) 
4 29 30 (0 640 128 ) (512 640 128 ) (512 640 448 ) (0 640 448 ) 
4 30 44 (0 512 128 ) (0 128 128 ) (0 128 384 ) (0 512 384 ) 
4 30 43 (0 640 384 ) (0 640 256 ) (0 576 256 ) (0 576 384 ) 
4 30 36 (0 64 128 ) (0 640 128 ) (512 640 128 ) (512 64 128 ) 
4 30 31 (0 64 128 ) (512 64 128 ) (512 64 320 ) (0 64 320 ) 
4 31 36 (0 0 128 ) (0 64 128 ) (512 64 128 ) (512 0 128 ) 
4 32 36 (512 640 64 ) (512 640 128 ) (320 640 128 ) (320 640 64 ) 
4 32 35 (320 642 64 ) (320 704 64 ) (512 704 64 ) (512 642 64 ) 
4 32 34 (512 704 64 ) (320 704 64 ) (320 642 126 ) (512 642 126 ) 
3 32 33 (320 642 125.996094 ) (320 703.996094 64 ) (320 642 64 ) 
4 33 35 (0 642 64 ) (0 704 64 ) (320 704 64 ) (320 642 64 ) 
4 33 34 (320 704 64 ) (0 704 64 ) (0 642 126 ) (320 642 126 ) 
4 36 52 (192 0 0 ) (320 0 0 ) (320 0 128 ) (192 0 128 ) 
4 36 46 (0 512 32 ) (0 512 0 ) (0 128 0 ) (0 128 32 ) 
4 36 45 (0 512 64 ) (0 512 32 ) (0 128 32 ) (0 128 64 ) 
4 36 44 (0 128 128 ) (0 512 128 ) (0 512 64 ) (0 128 64 ) 
4 38 39 (-64 576 840 ) (-64 576 584 ) (0 576 584 ) (0 576 840 ) 
4 39 57 (0 0 584 ) (0 0 840 ) (-64 0 840 ) (-64 0 584 ) 
4 40 43 (-64 576 384 ) (-64 832 384 ) (-16 832 384 ) (-16 576 384 ) 
4 40 41 (-64 832 384 ) (-64 576 384 ) (-64 576 448 ) (-64 832 448 ) 
4 41 43 (-64 832 384 ) (-64 576 384 ) (-144 576 384 ) (-144 832 384 ) 
4 42 44 (-176 368 384 ) (-80 368 384 ) (-80 272 384 ) (-176 272 384 ) 
4 44 45 (0 128 64 ) (-256 128 64 ) (-256 512 64 ) (0 512 64 ) 
4 45 46 (0 128 32 ) (-64 128 32 ) (-64 512 32 ) (0 512 32 ) 
4 46 47 (0 128 0 ) (-64 128 0 ) (-64 512 0 ) (0 512 0 ) 
4 50 55 (576 -1024 840 ) (512 -1024 840 ) (512 -1024 584 ) (576 -1024 584 ) 
4 50 53 (512 -1024 584 ) (512 -1024 840 ) (512 -32 840 ) (512 -32 584 ) 
4 50 51 (512 -32 840 ) (512 0 840 ) (512 0 584 ) (512 -32 584 ) 
4 51 57 (0 0 840 ) (0 0 584 ) (0 -32 584 ) (0 -32 840 ) 
4 51 53 (512 -32 520 ) (512 -32 840 ) (0 -32 840 ) (0 -32 520 ) 
4 52 54 (192 -32 0 ) (320 -32 0 ) (320 -32 128 ) (192 -32 128 ) 
4 53 57 (0 -1024 584 ) (0 -1024 840 ) (0 -32 840 ) (0 -32 584 ) 
4 53 56 (512 -1024 840 ) (0 -1024 840 ) (0 -1024 520 ) (512 -1024 520 ) 
4 55 56 (512 -1088 584 ) (512 -1088 840 ) (512 -1024 840 ) (512 -1024 584 ) 
4 56 58 (0 -1088 584 ) (0 -1088 840 ) (0 -1024 840 ) (0 -1024 584 ) 
4 57 58 (0 -1024 584 ) (0 -1024 840 ) (-64 -1024 840 ) (-64 -1024 584 ) 
