PRT1
169
447
4 0 5 (2224 240 640 ) (2224 144 640 ) (2128 144 640 ) (2128 240 640 ) 
4 1 14 (2080 456 -3200 ) (2080 456 0 ) (2080 896 0 ) (2080 896 -3200 ) 
4 1 12 (2080 456 0 ) (2080 456 576 ) (2080 896 576 ) (2080 896 0 ) 
4 1 3 (2080 456 256 ) (2080 456 -3200 ) (2272 456 -3200 ) (2272 456 256 ) 
4 1 2 (2272 456 -3200 ) (2560 456 -3200 ) (2560 456 576 ) (2272 456 576 ) 
4 2 8 (2560 448 -3200 ) (2560 448 0 ) (2272 448 0 ) (2272 448 -3200 ) 
4 2 7 (2560 448 0 ) (2560 448 224 ) (2272 448 224 ) (2272 448 0 ) 
4 2 6 (2560 448 224 ) (2560 448 256 ) (2272 448 256 ) (2272 448 224 ) 
4 2 4 (2560 448 256 ) (2560 448 576 ) (2304 448 576 ) (2304 448 256 ) 
4 2 3 (2272 456 256 ) (2272 456 -3200 ) (2272 448 -3200 ) (2272 448 256 ) 
4 3 14 (2080 448 -3200 ) (2080 448 0 ) (2080 456 0 ) (2080 456 -3200 ) 
4 3 9 (2080 448 0 ) (2080 448 -3200 ) (2112 448 -3200 ) (2112 448 0 ) 
4 3 8 (2112 448 -3200 ) (2272 448 -3200 ) (2272 448 0 ) (2112 448 0 ) 
4 3 7 (2112 448 0 ) (2272 448 0 ) (2272 448 224 ) (2112 448 224 ) 
4 4 46 (2560 0 256 ) (2560 0 576 ) (2304 0 576 ) (2304 0 256 ) 
4 4 6 (2304 448 256 ) (2560 448 256 ) (2560 0 256 ) (2304 0 256 ) 
4 5 48 (2272 0 640 ) (2080 0 640 ) (2080 0 256 ) (2272 0 256 ) 
4 5 13 (2080 0 256 ) (2080 0 640 ) (2080 448 640 ) (2080 448 256 ) 
4 6 47 (2304 0 256 ) (2272 0 256 ) (2272 0 224 ) (2304 0 224 ) 
4 6 46 (2560 0 224 ) (2560 0 256 ) (2304 0 256 ) (2304 0 224 ) 
4 6 7 (2272 448 224 ) (2560 448 224 ) (2560 0 224 ) (2272 0 224 ) 
4 7 49 (2272 0 224 ) (2112 0 224 ) (2112 0 0 ) (2272 0 0 ) 
4 7 47 (2304 0 224 ) (2272 0 224 ) (2272 0 0 ) (2304 0 0 ) 
4 7 46 (2560 0 0 ) (2560 0 224 ) (2304 0 224 ) (2304 0 0 ) 
4 7 8 (2112 448 0 ) (2560 448 0 ) (2560 0 0 ) (2112 0 0 ) 
4 8 49 (2272 0 0 ) (2112 0 0 ) (2112 0 -3200 ) (2272 0 -3200 ) 
4 8 47 (2304 0 0 ) (2272 0 0 ) (2272 0 -3200 ) (2304 0 -3200 ) 
4 8 46 (2560 0 -3200 ) (2560 0 0 ) (2304 0 0 ) (2304 0 -3200 ) 
4 8 10 (2112 288 -3200 ) (2112 160 -3200 ) (2112 160 -96 ) (2112 288 -96 ) 
4 8 9 (2112 448 -3200 ) (2112 288 -3200 ) (2112 288 0 ) (2112 448 0 ) 
4 8 11 (2112 160 -3200 ) (2112 0 -3200 ) (2112 0 0 ) (2112 160 0 ) 
4 9 15 (2080 448 -32 ) (2080 448 -3200 ) (2080 288 -3200 ) (2080 288 -32 ) 
4 9 10 (2080 288 -3200 ) (2112 288 -3200 ) (2112 288 -96 ) (2080 288 -96 ) 
4 10 19 (2080 192 -3200 ) (2080 160 -3200 ) (2080 160 -96 ) (2080 192 -96 ) 
4 10 18 (2080 256 -3200 ) (2080 192 -3200 ) (2080 192 -96 ) (2080 256 -96 ) 
4 10 16 (2080 288 -96 ) (2080 288 -3200 ) (2080 256 -3200 ) (2080 256 -96 ) 
4 10 11 (2080 160 -3200 ) (2112 160 -3200 ) (2112 160 -96 ) (2080 160 -96 ) 
4 11 50 (2112 0 0 ) (2080 0 0 ) (2080 0 -3200 ) (2112 0 -3200 ) 
4 11 20 (2080 0 -3200 ) (2080 0 -32 ) (2080 160 -32 ) (2080 160 -3200 ) 
4 12 21 (2048 896 576 ) (2048 896 0 ) (2048 456 0 ) (2048 456 576 ) 
4 12 14 (2080 896 0 ) (2080 456 0 ) (2048 456 0 ) (2048 896 0 ) 
4 13 57 (2080 0 0 ) (2080 0 640 ) (2048 0 640 ) (2048 0 0 ) 
4 13 22 (2048 0 0 ) (2048 0 640 ) (2048 448 640 ) (2048 448 0 ) 
4 13 17 (2080 256 0 ) (2080 192 0 ) (2048 192 0 ) (2048 256 0 ) 
4 14 23 (2048 448 0 ) (2048 896 0 ) (2048 896 -3200 ) (2048 448 -3200 ) 
4 14 15 (2048 448 -3200 ) (2080 448 -3200 ) (2080 448 -32 ) (2048 448 -32 ) 
4 15 24 (2048 448 -32 ) (2048 448 -3200 ) (2048 288 -3200 ) (2048 288 -32 ) 
4 15 16 (2048 288 -3200 ) (2080 288 -3200 ) (2080 288 -96 ) (2048 288 -96 ) 
4 16 25 (2048 256 -3200 ) (2048 256 -96 ) (2048 288 -96 ) (2048 288 -3200 ) 
4 16 18 (2080 256 -3200 ) (2080 256 -96 ) (2048 256 -96 ) (2048 256 -3200 ) 
4 17 26 (2048 192 -64 ) (2048 192 0 ) (2048 256 0 ) (2048 256 -64 ) 
4 18 27 (2048 192 -3200 ) (2048 192 -96 ) (2048 256 -96 ) (2048 256 -3200 ) 
4 18 19 (2080 192 -3200 ) (2080 192 -96 ) (2048 192 -96 ) (2048 192 -3200 ) 
4 19 28 (2048 160 -3200 ) (2048 160 -96 ) (2048 192 -96 ) (2048 192 -3200 ) 
4 19 20 (2080 160 -3200 ) (2080 160 -96 ) (2048 160 -96 ) (2048 160 -3200 ) 
4 20 58 (2080 0 -3200 ) (2080 0 -32 ) (2048 0 -32 ) (2048 0 -3200 ) 
4 20 29 (2048 0 -3200 ) (2048 0 -32 ) (2048 160 -32 ) (2048 160 -3200 ) 
4 21 102 (1024 480 0 ) (1024 456 0 ) (1024 456 576 ) (1024 480 576 ) 
4 21 101 (1024 896 0 ) (1024 480 0 ) (1024 480 576 ) (1024 896 576 ) 
4 21 43 (1856 456 0 ) (1024 456 0 ) (1024 896 0 ) (1856 896 0 ) 
4 21 33 (1856 480 0 ) (1856 896 0 ) (1920 896 0 ) (1920 480 0 ) 
4 21 30 (1952 456 0 ) (1920 456 0 ) (1920 896 0 ) (1952 896 0 ) 
4 21 23 (2048 896 0 ) (2048 456 0 ) (1952 456 0 ) (1952 896 0 ) 
4 22 105 (1024 0 0 ) (1024 0 640 ) (1024 448 640 ) (1024 448 0 ) 
4 22 61 (2048 0 0 ) (2048 0 640 ) (1024 0 640 ) (1024 0 0 ) 
4 22 45 (1856 0 0 ) (1024 0 0 ) (1024 448 0 ) (1856 448 0 ) 
4 22 26 (2048 256 0 ) (2048 192 0 ) (1952 192 0 ) (1952 256 0 ) 
4 23 31 (1952 896 -64 ) (1952 896 -3200 ) (1952 448 -3200 ) (1952 448 -64 ) 
4 23 30 (1952 448 0 ) (1952 896 0 ) (1952 896 -64 ) (1952 448 -64 ) 
4 23 24 (1952 448 -32 ) (1952 448 -3200 ) (2048 448 -3200 ) (2048 448 -32 ) 
4 24 31 (1952 448 -64 ) (1952 448 -3200 ) (1952 288 -3200 ) (1952 288 -64 ) 
4 24 25 (1952 288 -96 ) (1952 288 -3200 ) (2048 288 -3200 ) (2048 288 -96 ) 
4 25 31 (1952 288 -96 ) (1952 288 -3200 ) (1952 256 -3200 ) (1952 256 -96 ) 
4 25 27 (1952 256 -96 ) (1952 256 -3200 ) (2048 256 -3200 ) (2048 256 -96 ) 
4 27 31 (1952 256 -96 ) (1952 256 -3200 ) (1952 192 -3200 ) (1952 192 -96 ) 
4 27 28 (1952 192 -96 ) (1952 192 -3200 ) (2048 192 -3200 ) (2048 192 -96 ) 
4 28 31 (1952 192 -96 ) (1952 192 -3200 ) (1952 160 -3200 ) (1952 160 -96 ) 
4 28 29 (1952 160 -96 ) (1952 160 -3200 ) (2048 160 -3200 ) (2048 160 -96 ) 
4 29 67 (2048 0 -3200 ) (2048 0 -64 ) (1952 0 -64 ) (1952 0 -3200 ) 
4 29 65 (2048 0 -64 ) (2048 0 -32 ) (1952 0 -32 ) (1952 0 -64 ) 
4 29 32 (1952 0 -3200 ) (1952 0 -32 ) (1952 64 -32 ) (1952 64 -3200 ) 
4 29 31 (1952 160 -64 ) (1952 160 -3200 ) (1952 64 -3200 ) (1952 64 -64 ) 
4 30 33 (1920 480 0 ) (1920 896 0 ) (1920 896 -64 ) (1920 480 -64 ) 
4 30 31 (1920 448 -64 ) (1920 896 -64 ) (1952 896 -64 ) (1952 448 -64 ) 
4 31 39 (1920 64 -3200 ) (1920 64 -96 ) (1920 448 -96 ) (1920 448 -3200 ) 
4 31 37 (1920 448 -64 ) (1920 896 -64 ) (1920 896 -3200 ) (1920 448 -3200 ) 
4 31 32 (1920 64 -64 ) (1920 64 -3200 ) (1952 64 -3200 ) (1952 64 -64 ) 
4 32 67 (1952 0 -3200 ) (1952 0 -64 ) (1920 0 -64 ) (1920 0 -3200 ) 
4 32 65 (1952 0 -64 ) (1952 0 -32 ) (1920 0 -32 ) (1920 0 -64 ) 
4 32 42 (1920 0 -3200 ) (1920 0 -192 ) (1920 64 -192 ) (1920 64 -3200 ) 
4 32 41 (1920 0 -192 ) (1920 0 -64 ) (1920 64 -64 ) (1920 64 -192 ) 
4 32 36 (1920 0 -64 ) (1920 0 -32 ) (1920 32 -32 ) (1920 32 -64 ) 
4 33 43 (1856 480 0 ) (1856 896 0 ) (1856 896 -64 ) (1856 480 -64 ) 
4 33 37 (1856 480 -64 ) (1856 896 -64 ) (1920 896 -64 ) (1920 480 -64 ) 
4 34 45 (1856 64 0 ) (1856 448 0 ) (1856 448 -4 ) (1856 64 -4 ) 
4 34 35 (1860 64 -4 ) (1856 64 -4 ) (1856 448 -4 ) (1860 448 -4 ) 
4 35 45 (1856 448 -4 ) (1856 448 -64 ) (1856 64 -64 ) (1856 64 -4 ) 
4 36 65 (1920 0 -64 ) (1920 0 -32 ) (1888 0 -32 ) (1888 0 -64 ) 
4 36 41 (1920 32 -64 ) (1920 0 -64 ) (1888 0 -64 ) (1888 32 -64 ) 
4 37 44 (1856 456 -192 ) (1856 456 -3200 ) (1856 448 -3200 ) (1856 448 -192 ) 
4 37 43 (1856 456 -64 ) (1856 896 -64 ) (1856 896 -3200 ) (1856 456 -3200 ) 
4 37 40 (1856 448 -3200 ) (1864 448 -3200 ) (1864 448 -192 ) (1856 448 -192 ) 
4 37 39 (1864 448 -3200 ) (1920 448 -3200 ) (1920 448 -96 ) (1864 448 -96 ) 
3 37 38 (1856 448 -64 ) (1864 448 -96 ) (1888 448 -96 ) 
3 38 41 (1864 64 -96 ) (1888 64 -96 ) (1864 64 -72 ) 
4 38 39 (1888 64 -96 ) (1864 64 -96 ) (1864 448 -96 ) (1888 448 -96 ) 
4 39 42 (1920 64 -3200 ) (1920 64 -192 ) (1864 64 -192 ) (1864 64 -3200 ) 
4 39 41 (1920 64 -192 ) (1920 64 -96 ) (1864 64 -96 ) (1864 64 -192 ) 
4 39 40 (1864 448 -192 ) (1864 448 -3200 ) (1864 64 -3200 ) (1864 64 -192 ) 
4 40 45 (1856 448 -192 ) (1856 448 -3200 ) (1856 64 -3200 ) (1856 64 -192 ) 
4 40 42 (1856 64 -192 ) (1856 64 -3200 ) (1864 64 -3200 ) (1864 64 -192 ) 
4 41 67 (1920 0 -192 ) (1920 0 -64 ) (1864 0 -64 ) (1864 0 -192 ) 
4 41 42 (1864 64 -192 ) (1920 64 -192 ) (1920 0 -192 ) (1864 0 -192 ) 
4 42 68 (1864 0 -192 ) (1856 0 -192 ) (1856 0 -3200 ) (1864 0 -3200 ) 
4 42 67 (1920 0 -3200 ) (1920 0 -192 ) (1864 0 -192 ) (1864 0 -3200 ) 
4 42 45 (1856 0 -3200 ) (1856 0 -192 ) (1856 64 -192 ) (1856 64 -3200 ) 
4 43 102 (1024 456 0 ) (1024 480 0 ) (1024 480 -3200 ) (1024 456 -3200 ) 
4 43 101 (1024 480 0 ) (1024 896 0 ) (1024 896 -3200 ) (1024 480 -3200 ) 
4 43 44 (1024 456 -3200 ) (1856 456 -3200 ) (1856 456 -192 ) (1024 456 -192 ) 
4 44 103 (1024 456 -192 ) (1024 456 -3200 ) (1024 448 -3200 ) (1024 448 -192 ) 
4 44 45 (1024 448 -3200 ) (1856 448 -3200 ) (1856 448 -192 ) (1024 448 -192 ) 
4 45 105 (1024 0 -3200 ) (1024 0 0 ) (1024 448 0 ) (1024 448 -3200 ) 
4 45 69 (1856 0 -3200 ) (1856 0 -64 ) (1024 0 -64 ) (1024 0 -3200 ) 
4 45 66 (1856 0 -64 ) (1856 0 0 ) (1024 0 0 ) (1024 0 -64 ) 
4 46 54 (2560 -64 -3200 ) (2560 -64 256 ) (2304 -64 256 ) (2304 -64 -3200 ) 
4 46 51 (2560 -64 256 ) (2560 -64 576 ) (2304 -64 576 ) (2304 -64 256 ) 
4 46 47 (2304 -64 -3200 ) (2304 -64 256 ) (2304 0 256 ) (2304 0 -3200 ) 
4 47 54 (2304 -64 -3200 ) (2304 -64 256 ) (2272 -64 256 ) (2272 -64 -3200 ) 
4 47 49 (2272 -64 -3200 ) (2272 -64 224 ) (2272 0 224 ) (2272 0 -3200 ) 
4 48 57 (2080 -64 256 ) (2080 -64 640 ) (2080 0 640 ) (2080 0 256 ) 
4 49 54 (2112 -64 -3200 ) (2272 -64 -3200 ) (2272 -64 224 ) (2112 -64 224 ) 
4 49 50 (2112 0 -3200 ) (2112 -64 -3200 ) (2112 -64 0 ) (2112 0 0 ) 
4 50 58 (2080 -64 -3200 ) (2080 -64 -32 ) (2080 0 -32 ) (2080 0 -3200 ) 
4 50 55 (2080 -64 0 ) (2080 -64 -3200 ) (2112 -64 -3200 ) (2112 -64 0 ) 
4 51 54 (2560 -896 256 ) (2272 -896 256 ) (2272 -64 256 ) (2560 -64 256 ) 
4 51 52 (2272 -96 256 ) (2272 -896 256 ) (2272 -896 576 ) (2272 -96 576 ) 
4 52 54 (2272 -896 256 ) (2112 -896 256 ) (2112 -96 256 ) (2272 -96 256 ) 
4 52 53 (2112 -320 256 ) (2112 -896 256 ) (2112 -896 576 ) (2112 -320 576 ) 
4 53 60 (2080 -896 256 ) (2080 -896 576 ) (2080 -352 576 ) (2080 -352 256 ) 
4 53 56 (2112 -896 256 ) (2080 -896 256 ) (2080 -320 256 ) (2112 -320 256 ) 
4 54 55 (2112 -64 -3200 ) (2112 -320 -3200 ) (2112 -320 0 ) (2112 -64 0 ) 
4 54 56 (2112 -320 -3200 ) (2112 -896 -3200 ) (2112 -896 256 ) (2112 -320 256 ) 
4 55 58 (2080 -64 -32 ) (2080 -64 -3200 ) (2080 -320 -3200 ) (2080 -320 -32 ) 
4 55 56 (2080 -320 -3200 ) (2112 -320 -3200 ) (2112 -320 0 ) (2080 -320 0 ) 
4 56 60 (2080 -896 -3200 ) (2080 -896 256 ) (2080 -352 256 ) (2080 -352 -3200 ) 
4 56 59 (2080 -320 0 ) (2080 -320 -3200 ) (2080 -352 -3200 ) (2080 -352 0 ) 
4 57 62 (2048 -65 0 ) (2048 -320 0 ) (2048 -320 640 ) (2048 -65 640 ) 
4 57 61 (2048 0 640 ) (2048 0 0 ) (2048 -65 0 ) (2048 -65 640 ) 
4 58 67 (2048 0 -64 ) (2048 0 -3200 ) (2048 -320 -3200 ) (2048 -320 -64 ) 
4 58 65 (2048 0 -32 ) (2048 0 -64 ) (2048 -320 -64 ) (2048 -320 -32 ) 
4 58 59 (2048 -320 -32 ) (2048 -320 -3200 ) (2080 -320 -3200 ) (2080 -320 -32 ) 
4 59 77 (2048 -352 -3200 ) (2048 -352 -192 ) (2048 -320 -192 ) (2048 -320 -3200 ) 
4 59 74 (2048 -352 -192 ) (2048 -352 0 ) (2048 -320 0 ) (2048 -320 -192 ) 
4 59 60 (2080 -352 -3200 ) (2080 -352 0 ) (2048 -352 0 ) (2048 -352 -3200 ) 
4 60 91 (2048 -896 -3200 ) (2048 -896 384 ) (2048 -512 384 ) (2048 -512 -3200 ) 
4 60 90 (2048 -896 384 ) (2048 -896 512 ) (2048 -672 512 ) (2048 -672 384 ) 
4 60 89 (2048 -672 512 ) (2048 -656 512 ) (2048 -656 384 ) (2048 -672 384 ) 
4 60 84 (2048 -656 512 ) (2048 -512 512 ) (2048 -512 384 ) (2048 -656 384 ) 
4 60 81 (2048 -896 512 ) (2048 -896 576 ) (2048 -656 576 ) (2048 -656 512 ) 
4 60 79 (2048 -656 576 ) (2048 -520 576 ) (2048 -520 512 ) (2048 -656 512 ) 
4 60 78 (2048 -520 576 ) (2048 -512 576 ) (2048 -512 512 ) (2048 -520 512 ) 
4 60 77 (2048 -352 -192 ) (2048 -352 -3200 ) (2048 -512 -3200 ) (2048 -512 -192 ) 
4 60 74 (2048 -352 0 ) (2048 -352 -192 ) (2048 -512 -192 ) (2048 -512 0 ) 
4 60 72 (2048 -512 576 ) (2048 -352 576 ) (2048 -352 0 ) (2048 -512 0 ) 
4 61 130 (1024 0 576 ) (1024 0 0 ) (1024 -65 0 ) (1024 -65 576 ) 
4 61 129 (1024 -65 640 ) (1024 0 640 ) (1024 0 576 ) (1024 -65 576 ) 
4 61 66 (1024 -65 0 ) (1024 0 0 ) (1856 0 0 ) (1856 -65 0 ) 
4 61 63 (1859 -65 0 ) (1861 -65 0 ) (1861 -65 640 ) (1859 -65 640 ) 
4 61 62 (1861 -65 0 ) (2048 -65 0 ) (2048 -65 640 ) (1861 -65 640 ) 
4 61 64 (1024 -65 0 ) (1859 -65 0 ) (1859 -65 640 ) (1024 -65 640 ) 
4 62 63 (1861 -65 640 ) (1861 -65 0 ) (1861 -320 0 ) (1861 -320 640 ) 
4 63 64 (1859 -65 640 ) (1859 -65 0 ) (1859 -320 0 ) (1859 -320 640 ) 
4 64 130 (1024 -320 0 ) (1024 -320 576 ) (1024 -65 576 ) (1024 -65 0 ) 
4 64 129 (1024 -320 576 ) (1024 -320 640 ) (1024 -65 640 ) (1024 -65 576 ) 
4 64 71 (1792 -320 640 ) (1024 -320 640 ) (1024 -320 0 ) (1792 -320 0 ) 
4 64 66 (1856 -320 0 ) (1024 -320 0 ) (1024 -65 0 ) (1856 -65 0 ) 
4 65 74 (2048 -320 -64 ) (2048 -320 -32 ) (1888 -320 -32 ) (1888 -320 -64 ) 
4 65 67 (2048 -320 -64 ) (1888 -320 -64 ) (1888 0 -64 ) (2048 0 -64 ) 
4 66 130 (1024 -320 -64 ) (1024 -320 0 ) (1024 0 0 ) (1024 0 -64 ) 
4 66 76 (1792 -320 0 ) (1024 -320 0 ) (1024 -320 -64 ) (1792 -320 -64 ) 
4 66 69 (1856 -320 -64 ) (1024 -320 -64 ) (1024 0 -64 ) (1856 0 -64 ) 
4 67 77 (2048 -320 -3200 ) (2048 -320 -192 ) (1864 -320 -192 ) (1864 -320 -3200 ) 
4 67 74 (2048 -320 -192 ) (2048 -320 -64 ) (1864 -320 -64 ) (1864 -320 -192 ) 
4 67 68 (1864 0 -3200 ) (1864 -320 -3200 ) (1864 -320 -192 ) (1864 0 -192 ) 
4 68 77 (1856 -320 -192 ) (1856 -320 -3200 ) (1864 -320 -3200 ) (1864 -320 -192 ) 
4 68 69 (1856 0 -3200 ) (1856 -320 -3200 ) (1856 -320 -192 ) (1856 0 -192 ) 
4 69 144 (1024 -320 -3200 ) (1024 -320 -128 ) (1024 -256 -128 ) (1024 -256 -3200 ) 
4 69 141 (1024 -256 -128 ) (1024 0 -128 ) (1024 0 -3200 ) (1024 -256 -3200 ) 
4 69 130 (1024 -320 -128 ) (1024 -320 -64 ) (1024 0 -64 ) (1024 0 -128 ) 
4 69 77 (1024 -320 -192 ) (1024 -320 -3200 ) (1856 -320 -3200 ) (1856 -320 -192 ) 
4 69 76 (1792 -320 -64 ) (1024 -320 -64 ) (1024 -320 -192 ) (1792 -320 -192 ) 
3 70 75 (1800 -328 0 ) (1824 -352 0 ) (1800 -352 0 ) 
4 70 72 (1800 -352 0 ) (1824 -352 0 ) (1824 -352 576 ) (1800 -352 576 ) 
4 71 130 (1024 -320 576 ) (1024 -320 0 ) (1024 -352 0 ) (1024 -352 576 ) 
4 71 129 (1024 -320 640 ) (1024 -320 576 ) (1024 -352 576 ) (1024 -352 640 ) 
4 71 76 (1024 -352 0 ) (1024 -320 0 ) (1792 -320 0 ) (1792 -352 0 ) 
4 71 73 (1024 -352 640 ) (1024 -352 0 ) (1792 -352 0 ) (1792 -352 640 ) 
4 72 91 (1800 -512 0 ) (2048 -512 0 ) (2048 -512 384 ) (1800 -512 384 ) 
4 72 84 (2048 -512 384 ) (2048 -512 512 ) (1800 -512 512 ) (1800 -512 384 ) 
4 72 78 (2048 -512 512 ) (2048 -512 576 ) (1800 -512 576 ) (1800 -512 512 ) 
4 72 75 (1856 -512 0 ) (1800 -512 0 ) (1800 -352 0 ) (1856 -352 0 ) 
4 72 74 (2048 -512 0 ) (1856 -512 0 ) (1856 -352 0 ) (2048 -352 0 ) 
4 73 130 (1024 -512 0 ) (1024 -512 576 ) (1024 -352 576 ) (1024 -352 0 ) 
4 73 129 (1024 -512 576 ) (1024 -512 640 ) (1024 -352 640 ) (1024 -352 576 ) 
4 73 88 (1024 -512 512 ) (1024 -512 384 ) (1280 -512 384 ) (1280 -512 512 ) 
4 73 76 (1792 -512 0 ) (1024 -512 0 ) (1024 -352 0 ) (1792 -352 0 ) 
4 74 91 (1856 -512 -192 ) (2048 -512 -192 ) (2048 -512 0 ) (1856 -512 0 ) 
4 74 77 (2048 -512 -192 ) (1856 -512 -192 ) (1856 -320 -192 ) (2048 -320 -192 ) 
4 74 75 (1856 -328 -192 ) (1856 -512 -192 ) (1856 -512 0 ) (1856 -328 0 ) 
4 75 91 (1800 -512 -192 ) (1856 -512 -192 ) (1856 -512 0 ) (1800 -512 0 ) 
4 75 77 (1856 -512 -192 ) (1800 -512 -192 ) (1800 -328 -192 ) (1856 -328 -192 ) 
4 76 144 (1024 -512 -192 ) (1024 -512 -128 ) (1024 -320 -128 ) (1024 -320 -192 ) 
4 76 130 (1024 -512 -128 ) (1024 -512 0 ) (1024 -320 0 ) (1024 -320 -128 ) 
4 76 77 (1792 -512 -192 ) (1024 -512 -192 ) (1024 -320 -192 ) (1792 -320 -192 ) 
4 77 144 (1024 -512 -3200 ) (1024 -512 -192 ) (1024 -320 -192 ) (1024 -320 -3200 ) 
4 77 98 (1024 -512 -192 ) (1024 -512 -3200 ) (1280 -512 -3200 ) (1280 -512 -192 ) 
4 77 92 (1280 -512 -3200 ) (1792 -512 -3200 ) (1792 -512 -192 ) (1280 -512 -192 ) 
4 77 91 (1792 -512 -3200 ) (2048 -512 -3200 ) (2048 -512 -192 ) (1792 -512 -192 ) 
4 78 84 (1792 -512 512 ) (2048 -512 512 ) (2048 -520 512 ) (1792 -520 512 ) 
4 78 79 (1792 -520 512 ) (2048 -520 512 ) (2048 -520 576 ) (1792 -520 576 ) 
4 79 86 (1792 -656 512 ) (1296 -656 512 ) (1296 -520 512 ) (1792 -520 512 ) 
4 79 84 (2048 -520 512 ) (2048 -656 512 ) (1792 -656 512 ) (1792 -520 512 ) 
4 79 81 (1296 -656 512 ) (2048 -656 512 ) (2048 -656 576 ) (1296 -656 576 ) 
4 79 80 (1296 -520 576 ) (1296 -520 512 ) (1296 -528 512 ) (1296 -528 576 ) 
3 80 87 (1288 -520 512 ) (1296 -520 512 ) (1296 -528 512 ) 
4 81 90 (2048 -672 512 ) (2048 -896 512 ) (1280 -896 512 ) (1280 -672 512 ) 
4 81 89 (2048 -656 512 ) (2048 -672 512 ) (1280 -672 512 ) (1280 -656 512 ) 
4 81 83 (1280 -672 512 ) (1280 -896 512 ) (1280 -896 576 ) (1280 -672 576 ) 
4 82 88 (1024 -656 512 ) (1024 -528 512 ) (1280 -528 512 ) (1280 -656 512 ) 
4 83 164 (1024 -896 576 ) (1024 -672 576 ) (1024 -672 512 ) (1024 -896 512 ) 
4 83 90 (1024 -896 512 ) (1024 -672 512 ) (1280 -672 512 ) (1280 -896 512 ) 
4 84 91 (1792 -512 384 ) (2048 -512 384 ) (2048 -656 384 ) (1792 -656 384 ) 
4 84 89 (1792 -656 384 ) (2048 -656 384 ) (2048 -656 512 ) (1792 -656 512 ) 
4 84 86 (1792 -520 384 ) (1792 -656 384 ) (1792 -656 512 ) (1792 -520 512 ) 
4 85 87 (1296 -516 384 ) (1296 -520 384 ) (1296 -520 512 ) (1296 -516 512 ) 
4 85 86 (1296 -520 512 ) (1296 -520 384 ) (1312 -520 384 ) (1312 -520 512 ) 
4 86 93 (1792 -520 384 ) (1792 -656 384 ) (1296 -656 384 ) (1296 -520 384 ) 
4 86 89 (1296 -656 384 ) (1792 -656 384 ) (1792 -656 512 ) (1296 -656 512 ) 
4 86 87 (1296 -520 384 ) (1296 -528 384 ) (1296 -528 512 ) (1296 -520 512 ) 
3 87 93 (1296 -520 384 ) (1296 -528 384 ) (1288 -520 384 ) 
4 89 93 (1280 -656 384 ) (1792 -656 384 ) (1792 -672 384 ) (1280 -672 384 ) 
4 89 91 (1792 -656 384 ) (2048 -656 384 ) (2048 -672 384 ) (1792 -672 384 ) 
4 89 90 (1280 -672 384 ) (2048 -672 384 ) (2048 -672 512 ) (1280 -672 512 ) 
4 90 164 (1024 -896 512 ) (1024 -672 512 ) (1024 -672 384 ) (1024 -896 384 ) 
4 90 97 (1024 -896 384 ) (1024 -672 384 ) (1280 -672 384 ) (1280 -896 384 ) 
4 90 93 (1280 -672 384 ) (1792 -672 384 ) (1792 -896 384 ) (1280 -896 384 ) 
4 90 91 (1792 -672 384 ) (2048 -672 384 ) (2048 -896 384 ) (1792 -896 384 ) 
4 91 92 (1792 -512 -3200 ) (1792 -520 -3200 ) (1792 -520 -192 ) (1792 -512 -192 ) 
4 91 93 (1792 -520 -3200 ) (1792 -896 -3200 ) (1792 -896 384 ) (1792 -520 384 ) 
4 92 98 (1280 -512 -3200 ) (1280 -520 -3200 ) (1280 -520 -192 ) (1280 -512 -192 ) 
4 92 93 (1280 -520 -192 ) (1280 -520 -3200 ) (1792 -520 -3200 ) (1792 -520 -192 ) 
3 93 95 (1280 -520 376 ) (1280 -520 368 ) (1280 -528 368 ) 
4 93 96 (1280 -520 368 ) (1280 -520 -192 ) (1280 -656 -192 ) (1280 -656 368 ) 
4 93 97 (1280 -896 -192 ) (1280 -896 384 ) (1280 -656 384 ) (1280 -656 -192 ) 
4 93 98 (1280 -520 -3200 ) (1280 -896 -3200 ) (1280 -896 -192 ) (1280 -520 -192 ) 
4 94 95 (1280 -520 368 ) (1280 -520 376 ) (1024 -520 376 ) (1024 -520 368 ) 
4 94 96 (1280 -520 352 ) (1280 -520 368 ) (1024 -520 368 ) (1024 -520 352 ) 
3 95 161 (1024 -520 376 ) (1024 -520 368 ) (1024 -528 368 ) 
4 95 96 (1024 -528 368 ) (1024 -520 368 ) (1280 -520 368 ) (1280 -528 368 ) 
4 96 161 (1024 -520 368 ) (1024 -520 -192 ) (1024 -656 -192 ) (1024 -656 368 ) 
4 96 98 (1024 -656 -192 ) (1024 -520 -192 ) (1280 -520 -192 ) (1280 -656 -192 ) 
4 96 97 (1024 -656 -192 ) (1280 -656 -192 ) (1280 -656 368 ) (1024 -656 368 ) 
4 97 164 (1024 -896 384 ) (1024 -656 384 ) (1024 -656 -192 ) (1024 -896 -192 ) 
4 97 98 (1280 -896 -192 ) (1024 -896 -192 ) (1024 -656 -192 ) (1280 -656 -192 ) 
4 98 164 (1024 -656 -3200 ) (1024 -896 -3200 ) (1024 -896 -192 ) (1024 -656 -192 ) 
4 98 160 (1024 -512 -192 ) (1024 -512 -3200 ) (1024 -520 -3200 ) (1024 -520 -192 ) 
4 98 161 (1024 -520 -3200 ) (1024 -656 -3200 ) (1024 -656 -192 ) (1024 -520 -192 ) 
4 99 167 (1024 -1348 256 ) (1024 -1348 384 ) (1024 -1092 384 ) (1024 -1092 256 ) 
4 100 168 (1024 -1348 32 ) (1024 -1348 160 ) (1024 -1092 160 ) (1024 -1092 32 ) 
4 101 104 (128 480 0 ) (128 480 -3200 ) (384 480 -3200 ) (384 480 0 ) 
4 101 102 (1024 480 -3200 ) (1024 480 576 ) (384 480 576 ) (384 480 -3200 ) 
4 102 104 (384 480 0 ) (384 480 -3200 ) (384 456 -3200 ) (384 456 0 ) 
4 102 103 (384 456 -192 ) (384 456 -3200 ) (1024 456 -3200 ) (1024 456 -192 ) 
4 103 110 (512 448 -192 ) (384 448 -192 ) (384 448 -3200 ) (512 448 -3200 ) 
4 103 106 (736 448 -192 ) (704 448 -192 ) (704 448 -3200 ) (736 448 -3200 ) 
4 103 105 (1024 448 -3200 ) (1024 448 -192 ) (736 448 -192 ) (736 448 -3200 ) 
4 103 109 (704 448 -192 ) (512 448 -192 ) (512 448 -3200 ) (704 448 -3200 ) 
4 103 104 (384 448 -3200 ) (384 448 -192 ) (384 456 -192 ) (384 456 -3200 ) 
4 104 119 (384 448 -448 ) (384 448 -192 ) (376 448 -192 ) (376 448 -448 ) 
4 104 120 (384 448 -3200 ) (384 448 -512 ) (376 448 -512 ) (376 448 -3200 ) 
4 104 122 (376 448 -96 ) (128 448 -96 ) (128 448 -3200 ) (376 448 -3200 ) 
4 104 117 (128 448 -32 ) (128 448 -96 ) (192 448 -96 ) (192 448 -32 ) 
4 104 115 (192 448 -32 ) (192 448 -96 ) (320 448 -96 ) (320 448 -32 ) 
4 104 114 (320 448 -32 ) (320 448 -96 ) (352 448 -96 ) (352 448 -32 ) 
3 104 112 (384 448 0 ) (376 448 -8 ) (376 448 -32 ) 
4 104 113 (376 448 -8 ) (352 448 -32 ) (352 448 -96 ) (376 448 -96 ) 
4 105 141 (1024 0 -3200 ) (1024 0 -128 ) (736 0 -128 ) (736 0 -3200 ) 
4 105 130 (1024 0 -128 ) (1024 0 576 ) (736 0 576 ) (736 0 -128 ) 
4 105 129 (1024 0 576 ) (1024 0 640 ) (736 0 640 ) (736 0 576 ) 
4 105 107 (736 288 -3200 ) (736 160 -3200 ) (736 160 632 ) (736 288 632 ) 
4 105 106 (736 448 -3200 ) (736 288 -3200 ) (736 288 640 ) (736 448 640 ) 
4 105 108 (736 160 -3200 ) (736 0 -3200 ) (736 0 640 ) (736 160 640 ) 
4 106 107 (704 288 632 ) (704 288 -3200 ) (736 288 -3200 ) (736 288 632 ) 
4 106 109 (704 448 -3200 ) (704 288 -3200 ) (704 288 640 ) (704 448 640 ) 
4 107 109 (704 288 -3200 ) (704 160 -3200 ) (704 160 632 ) (704 288 632 ) 
4 107 108 (704 160 632 ) (704 160 -3200 ) (736 160 -3200 ) (736 160 632 ) 
4 108 141 (704 0 -128 ) (704 0 -3200 ) (736 0 -3200 ) (736 0 -128 ) 
4 108 130 (704 0 576 ) (704 0 -128 ) (736 0 -128 ) (736 0 576 ) 
4 108 129 (736 0 640 ) (704 0 640 ) (704 0 576 ) (736 0 576 ) 
4 108 109 (704 160 -3200 ) (704 0 -3200 ) (704 0 640 ) (704 160 640 ) 
4 109 141 (512 0 -128 ) (512 0 -3200 ) (704 0 -3200 ) (704 0 -128 ) 
4 109 130 (512 0 576 ) (512 0 -128 ) (704 0 -128 ) (704 0 576 ) 
4 109 129 (704 0 640 ) (512 0 640 ) (512 0 576 ) (704 0 576 ) 
4 109 110 (512 448 -3200 ) (512 0 -3200 ) (512 0 576 ) (512 448 576 ) 
4 110 141 (384 0 -128 ) (384 0 -3200 ) (512 0 -3200 ) (512 0 -128 ) 
4 110 130 (384 0 576 ) (384 0 -128 ) (512 0 -128 ) (512 0 576 ) 
4 110 127 (384 160 -3200 ) (384 0 -3200 ) (384 0 -256 ) (384 160 -256 ) 
4 110 125 (384 0 -256 ) (384 0 -192 ) (384 160 -192 ) (384 160 -256 ) 
4 110 119 (384 448 -192 ) (384 448 -448 ) (384 384 -448 ) (384 384 -192 ) 
4 110 120 (384 448 -512 ) (384 448 -3200 ) (384 384 -3200 ) (384 384 -512 ) 
4 110 121 (384 384 -3200 ) (384 160 -3200 ) (384 160 -192 ) (384 384 -192 ) 
4 110 111 (384 448 576 ) (384 448 0 ) (384 0 0 ) (384 0 576 ) 
4 111 165 (128 0 576 ) (0 0 576 ) (0 0 0 ) (128 0 0 ) 
4 111 131 (191 0 576 ) (129 0 576 ) (129 0 0 ) (191 0 0 ) 
4 111 130 (384 0 0 ) (384 0 576 ) (191 0 576 ) (191 0 0 ) 
4 111 140 (129 0 576 ) (128 0 576 ) (128 0 0 ) (129 0 0 ) 
4 111 128 (0 288 128 ) (0 288 0 ) (0 160 0 ) (0 160 128 ) 
4 111 116 (320 256 0 ) (320 192 0 ) (192 192 0 ) (192 256 0 ) 
3 112 124 (384 160 0 ) (376 160 -8 ) (376 160 -32 ) 
4 112 113 (376 160 -32 ) (376 160 -8 ) (376 448 -8 ) (376 448 -32 ) 
4 113 126 (352 160 -96 ) (376 160 -96 ) (376 160 -32 ) (352 160 -32 ) 
3 113 124 (376 160 -32 ) (376 160 -8 ) (352 160 -32 ) 
4 113 122 (376 160 -96 ) (352 160 -96 ) (352 448 -96 ) (376 448 -96 ) 
4 113 114 (352 448 -96 ) (352 288 -96 ) (352 288 -32 ) (352 448 -32 ) 
4 114 122 (320 288 -96 ) (320 448 -96 ) (352 448 -96 ) (352 288 -96 ) 
4 114 115 (320 448 -96 ) (320 288 -96 ) (320 288 -32 ) (320 448 -32 ) 
4 115 122 (192 288 -96 ) (192 448 -96 ) (320 448 -96 ) (320 288 -96 ) 
4 115 117 (192 448 -96 ) (192 288 -96 ) (192 288 -32 ) (192 448 -32 ) 
4 117 122 (128 288 -96 ) (128 448 -96 ) (192 448 -96 ) (192 288 -96 ) 
4 117 118 (128 288 -32 ) (128 288 -96 ) (160 288 -96 ) (160 288 -32 ) 
4 118 123 (128 160 -32 ) (128 160 -96 ) (160 160 -96 ) (160 160 -32 ) 
4 118 122 (160 160 -96 ) (128 160 -96 ) (128 288 -96 ) (160 288 -96 ) 
4 119 122 (376 384 -448 ) (376 384 -192 ) (376 448 -192 ) (376 448 -448 ) 
4 119 121 (384 384 -192 ) (376 384 -192 ) (376 384 -448 ) (384 384 -448 ) 
4 120 121 (376 384 -512 ) (376 384 -3200 ) (384 384 -3200 ) (384 384 -512 ) 
4 120 122 (376 448 -3200 ) (376 384 -3200 ) (376 384 -512 ) (376 448 -512 ) 
4 121 127 (376 160 -3200 ) (384 160 -3200 ) (384 160 -256 ) (376 160 -256 ) 
4 121 125 (384 160 -256 ) (384 160 -192 ) (376 160 -192 ) (376 160 -256 ) 
4 121 122 (376 384 -3200 ) (376 160 -3200 ) (376 160 -192 ) (376 384 -192 ) 
4 122 127 (128 160 -256 ) (128 160 -3200 ) (376 160 -3200 ) (376 160 -256 ) 
4 122 126 (224 160 -256 ) (376 160 -256 ) (376 160 -96 ) (224 160 -96 ) 
4 122 123 (128 160 -96 ) (128 160 -256 ) (224 160 -256 ) (224 160 -96 ) 
4 123 127 (128 32 -256 ) (128 160 -256 ) (224 160 -256 ) (352 32 -256 ) 
4 123 126 (352 32 -256 ) (224 160 -256 ) (224 160 -32 ) (352 32 -32 ) 
4 124 126 (376 8 -32 ) (352 32 -32 ) (352 160 -32 ) (376 160 -32 ) 
4 125 127 (376 160 -256 ) (384 160 -256 ) (384 0 -256 ) (376 8 -256 ) 
4 125 126 (376 160 -256 ) (376 8 -256 ) (376 8 -192 ) (376 160 -192 ) 
3 126 127 (224 160 -256 ) (376 160 -256 ) (376 8 -256 ) 
4 127 143 (128 0 -288 ) (128 0 -3200 ) (376 0 -3200 ) (376 0 -288 ) 
4 127 141 (384 0 -3200 ) (384 0 -256 ) (376 0 -256 ) (376 0 -3200 ) 
4 129 130 (1024 -512 576 ) (512 -512 576 ) (512 0 576 ) (1024 0 576 ) 
4 130 150 (192 -448 -128 ) (192 -320 -128 ) (320 -320 -128 ) (320 -448 -128 ) 
4 130 144 (1024 -512 -128 ) (384 -512 -128 ) (384 -256 -128 ) (1024 -256 -128 ) 
4 130 142 (191 -256 -128 ) (191 0 -128 ) (376 0 -128 ) (376 -256 -128 ) 
4 130 141 (376 0 -128 ) (1024 0 -128 ) (1024 -256 -128 ) (376 -256 -128 ) 
4 130 137 (191 -511 123 ) (191 -511 125 ) (191 -385 125 ) (191 -385 123 ) 
4 130 136 (191 -511 125 ) (191 -511 576 ) (191 -385 576 ) (191 -385 125 ) 
4 130 138 (191 -385 -128 ) (191 -511 -128 ) (191 -511 123 ) (191 -385 123 ) 
4 130 135 (191 -383 -128 ) (191 -385 -128 ) (191 -385 576 ) (191 -383 576 ) 
4 130 139 (191 -511 -128 ) (191 -512 -128 ) (191 -512 576 ) (191 -511 576 ) 
4 130 133 (191 -383 123 ) (191 -383 125 ) (191 -257 125 ) (191 -257 123 ) 
4 130 132 (191 -383 125 ) (191 -383 576 ) (191 -257 576 ) (191 -257 125 ) 
4 130 134 (191 -257 -128 ) (191 -383 -128 ) (191 -383 123 ) (191 -257 123 ) 
4 130 131 (191 0 -128 ) (191 -257 -128 ) (191 -257 576 ) (191 0 576 ) 
4 131 142 (129 -256 -128 ) (129 0 -128 ) (191 0 -128 ) (191 -256 -128 ) 
4 131 133 (129 -257 125 ) (129 -257 123 ) (191 -257 123 ) (191 -257 125 ) 
4 131 132 (129 -257 576 ) (129 -257 125 ) (191 -257 125 ) (191 -257 576 ) 
4 131 134 (129 -257 123 ) (129 -257 -128 ) (191 -257 -128 ) (191 -257 123 ) 
4 131 140 (129 0 -128 ) (129 -257 -128 ) (129 -257 576 ) (129 0 576 ) 
4 132 135 (129 -383 576 ) (129 -383 125 ) (191 -383 125 ) (191 -383 576 ) 
4 132 140 (129 -383 125 ) (129 -383 576 ) (129 -257 576 ) (129 -257 125 ) 
4 132 133 (191 -383 125 ) (129 -383 125 ) (129 -257 125 ) (191 -257 125 ) 
4 133 135 (129 -383 125 ) (129 -383 123 ) (191 -383 123 ) (191 -383 125 ) 
4 133 134 (191 -383 123 ) (129 -383 123 ) (129 -257 123 ) (191 -257 123 ) 
4 133 140 (129 -383 123 ) (129 -383 125 ) (129 -257 125 ) (129 -257 123 ) 
4 134 135 (129 -383 123 ) (129 -383 -128 ) (191 -383 -128 ) (191 -383 123 ) 
4 134 140 (129 -257 -128 ) (129 -383 -128 ) (129 -383 123 ) (129 -257 123 ) 
4 135 137 (129 -385 125 ) (129 -385 123 ) (191 -385 123 ) (191 -385 125 ) 
4 135 136 (129 -385 576 ) (129 -385 125 ) (191 -385 125 ) (191 -385 576 ) 
4 135 138 (129 -385 123 ) (129 -385 -128 ) (191 -385 -128 ) (191 -385 123 ) 
4 135 140 (129 -383 -128 ) (129 -385 -128 ) (129 -385 576 ) (129 -383 576 ) 
4 136 139 (129 -511 576 ) (129 -511 125 ) (191 -511 125 ) (191 -511 576 ) 
4 136 140 (129 -511 125 ) (129 -511 576 ) (129 -385 576 ) (129 -385 125 ) 
4 136 137 (191 -511 125 ) (129 -511 125 ) (129 -385 125 ) (191 -385 125 ) 
4 137 138 (191 -511 123 ) (129 -511 123 ) (129 -385 123 ) (191 -385 123 ) 
4 137 139 (129 -511 125 ) (129 -511 123 ) (191 -511 123 ) (191 -511 125 ) 
4 137 140 (129 -511 123 ) (129 -511 125 ) (129 -385 125 ) (129 -385 123 ) 
4 138 140 (129 -385 -128 ) (129 -511 -128 ) (129 -511 123 ) (129 -385 123 ) 
4 138 139 (129 -511 123 ) (129 -511 -128 ) (191 -511 -128 ) (191 -511 123 ) 
4 139 140 (129 -511 -128 ) (129 -512 -128 ) (129 -512 576 ) (129 -511 576 ) 
4 140 166 (128 -512 128 ) (128 -512 576 ) (128 -256 576 ) (128 -256 128 ) 
4 140 165 (128 0 576 ) (128 0 -128 ) (128 -256 -128 ) (128 -256 576 ) 
4 140 142 (128 -256 -128 ) (128 0 -128 ) (129 0 -128 ) (129 -256 -128 ) 
4 141 147 (376 -256 -256 ) (376 -256 -3200 ) (384 -256 -3200 ) (384 -256 -256 ) 
4 141 144 (1024 -256 -3200 ) (1024 -256 -128 ) (384 -256 -128 ) (384 -256 -3200 ) 
4 141 142 (376 -256 -256 ) (376 -256 -128 ) (376 0 -128 ) (376 0 -256 ) 
4 141 143 (376 0 -3200 ) (376 -256 -3200 ) (376 -256 -288 ) (376 0 -288 ) 
4 143 153 (128 -256 -288 ) (128 -256 -3200 ) (192 -256 -3200 ) (192 -256 -288 ) 
4 143 149 (192 -256 -3200 ) (320 -256 -3200 ) (320 -256 -288 ) (192 -256 -288 ) 
4 143 147 (320 -256 -3200 ) (376 -256 -3200 ) (376 -256 -288 ) (320 -256 -288 ) 
4 144 160 (1024 -512 -3200 ) (1024 -512 -192 ) (384 -512 -192 ) (384 -512 -3200 ) 
4 144 145 (384 -256 -192 ) (384 -256 -256 ) (384 -512 -256 ) (384 -512 -192 ) 
4 144 147 (384 -256 -256 ) (384 -256 -3200 ) (384 -512 -3200 ) (384 -512 -256 ) 
4 145 162 (384 -512 -256 ) (384 -512 -192 ) (352 -512 -192 ) (352 -512 -256 ) 
4 145 146 (352 -288 -256 ) (352 -512 -256 ) (352 -512 -192 ) (352 -288 -192 ) 
4 145 147 (384 -256 -256 ) (384 -512 -256 ) (352 -512 -256 ) (352 -288 -256 ) 
4 146 162 (320 -512 -160 ) (320 -512 -256 ) (352 -512 -256 ) (352 -512 -160 ) 
4 146 152 (320 -448 -256 ) (320 -512 -256 ) (320 -512 -160 ) (320 -448 -160 ) 
4 146 151 (320 -320 -256 ) (320 -448 -256 ) (320 -448 -184 ) (320 -320 -184 ) 
4 146 148 (320 -288 -256 ) (320 -320 -256 ) (320 -320 -160 ) (320 -288 -160 ) 
4 146 147 (320 -512 -256 ) (320 -288 -256 ) (352 -288 -256 ) (352 -512 -256 ) 
4 147 162 (384 -512 -3200 ) (384 -512 -256 ) (320 -512 -256 ) (320 -512 -3200 ) 
4 147 152 (320 -448 -3200 ) (320 -512 -3200 ) (320 -512 -256 ) (320 -448 -256 ) 
4 147 151 (320 -320 -3200 ) (320 -448 -3200 ) (320 -448 -256 ) (320 -320 -256 ) 
4 147 149 (320 -256 -256 ) (320 -256 -3200 ) (320 -320 -3200 ) (320 -320 -256 ) 
4 148 154 (192 -288 -256 ) (192 -320 -256 ) (192 -320 -160 ) (192 -288 -160 ) 
4 148 151 (192 -320 -184 ) (192 -320 -256 ) (320 -320 -256 ) (320 -320 -184 ) 
4 148 149 (320 -320 -256 ) (192 -320 -256 ) (192 -288 -256 ) (320 -288 -256 ) 
4 149 153 (192 -256 -256 ) (192 -256 -3200 ) (192 -288 -3200 ) (192 -288 -256 ) 
4 149 154 (192 -288 -3200 ) (192 -320 -3200 ) (192 -320 -256 ) (192 -288 -256 ) 
4 149 151 (192 -320 -256 ) (192 -320 -3200 ) (320 -320 -3200 ) (320 -320 -256 ) 
4 151 154 (192 -448 -3200 ) (192 -448 -184 ) (192 -320 -184 ) (192 -320 -3200 ) 
4 151 152 (192 -448 -184 ) (192 -448 -3200 ) (320 -448 -3200 ) (320 -448 -184 ) 
4 152 162 (320 -512 -3200 ) (320 -512 -160 ) (192 -512 -160 ) (192 -512 -3200 ) 
4 152 154 (192 -512 -3200 ) (192 -512 -160 ) (192 -448 -160 ) (192 -448 -3200 ) 
4 153 154 (128 -288 -3200 ) (192 -288 -3200 ) (192 -288 -256 ) (128 -288 -256 ) 
4 154 162 (128 -512 -160 ) (128 -512 -3200 ) (192 -512 -3200 ) (192 -512 -160 ) 
3 155 158 (1008 -528 512 ) (1008 -520 512 ) (1016 -520 512 ) 
4 155 156 (1008 -520 576 ) (1008 -520 512 ) (1008 -528 512 ) (1008 -528 576 ) 
4 156 164 (1008 -656 576 ) (384 -656 576 ) (384 -656 512 ) (1008 -656 512 ) 
4 156 163 (384 -656 512 ) (384 -656 576 ) (384 -544 576 ) (384 -544 512 ) 
4 156 159 (1008 -656 512 ) (384 -656 512 ) (384 -520 512 ) (1008 -520 512 ) 
4 157 158 (1008 -520 384 ) (1016 -520 384 ) (1016 -520 512 ) (1008 -520 512 ) 
4 157 159 (992 -520 384 ) (1008 -520 384 ) (1008 -520 512 ) (992 -520 512 ) 
3 158 161 (1008 -528 384 ) (1008 -520 384 ) (1016 -520 384 ) 
4 158 159 (1008 -520 512 ) (1008 -520 384 ) (1008 -528 384 ) (1008 -528 512 ) 
4 159 164 (1008 -656 512 ) (384 -656 512 ) (384 -656 384 ) (1008 -656 384 ) 
4 159 163 (384 -656 384 ) (384 -656 512 ) (384 -544 512 ) (384 -544 384 ) 
4 159 161 (1008 -656 384 ) (384 -656 384 ) (384 -520 384 ) (1008 -520 384 ) 
4 160 162 (384 -512 -3200 ) (384 -520 -3200 ) (384 -520 -192 ) (384 -512 -192 ) 
4 160 161 (384 -520 -192 ) (384 -520 -3200 ) (1024 -520 -3200 ) (1024 -520 -192 ) 
4 161 164 (384 -656 -3200 ) (1024 -656 -3200 ) (1024 -656 384 ) (384 -656 384 ) 
4 161 162 (384 -520 -3200 ) (384 -544 -3200 ) (384 -544 -128 ) (384 -520 -128 ) 
4 161 163 (384 -544 -3200 ) (384 -656 -3200 ) (384 -656 384 ) (384 -544 384 ) 
4 162 163 (128 -544 -3200 ) (384 -544 -3200 ) (384 -544 -128 ) (128 -544 -128 ) 
4 163 164 (128 -656 -3200 ) (384 -656 -3200 ) (384 -656 576 ) (128 -656 576 ) 
4 165 166 (0 -256 576 ) (0 -256 128 ) (128 -256 128 ) (128 -256 576 ) 
